{"level":"INFO","message":"[3:47:01.209 PM]: Creating new connection object"}
{"level":"INFO","message":"[3:47:07.904 PM]: Creating new connection object"}
{"level":"INFO","message":"[3:48:12.073 PM]: Creating new connection object"}
{"level":"INFO","message":"[3:48:51.618 PM]: Creating new connection object"}
{"level":"INFO","message":"[3:48:52.314 PM]: Creating new connection object"}
{"level":"INFO","message":"[3:48:52.798 PM]: Creating new connection object"}
{"level":"INFO","message":"[3:48:53.212 PM]: Creating new connection object"}
{"level":"INFO","message":"[3:48:53.395 PM]: Creating new connection object"}
{"level":"INFO","message":"[3:48:53.570 PM]: Creating new connection object"}
{"level":"INFO","message":"[3:48:53.746 PM]: Creating new connection object"}
{"level":"INFO","message":"[3:48:53.878 PM]: Creating new connection object"}
{"level":"INFO","message":"[3:48:54.503 PM]: Creating new connection object"}
{"level":"INFO","message":"[3:48:54.695 PM]: Creating new connection object"}
{"level":"INFO","message":"[3:48:54.919 PM]: Creating new connection object"}
{"level":"INFO","message":"[3:49:14.048 PM]: Creating new connection object"}
{"level":"INFO","message":"[3:49:14.566 PM]: Creating new connection object"}
{"level":"INFO","message":"[3:49:14.727 PM]: Creating new connection object"}
{"level":"INFO","message":"[3:49:14.875 PM]: Creating new connection object"}
{"level":"INFO","message":"[3:49:15.041 PM]: Creating new connection object"}
{"level":"INFO","message":"[3:49:15.190 PM]: Creating new connection object"}
{"level":"INFO","message":"[3:49:15.393 PM]: Creating new connection object"}
{"level":"INFO","message":"[3:49:15.504 PM]: Creating new connection object"}
{"level":"INFO","message":"[3:49:15.706 PM]: Creating new connection object"}
{"level":"INFO","message":"[3:49:15.914 PM]: Creating new connection object"}
{"level":"INFO","message":"[3:49:16.886 PM]: Creating new connection object"}
{"level":"INFO","message":"[3:49:17.928 PM]: Creating new connection object"}
{"level":"INFO","message":"[3:51:39.013 PM]: Creating new connection object"}
{"level":"INFO","message":"[3:51:39.506 PM]: Creating new connection object"}
{"level":"INFO","message":"[3:51:39.811 PM]: Creating new connection object"}
{"level":"INFO","message":"[3:51:40.662 PM]: Creating new connection object"}
{"level":"INFO","message":"[3:51:40.921 PM]: Creating new connection object"}
{"level":"INFO","message":"[3:51:41.115 PM]: Creating new connection object"}
{"level":"INFO","message":"[3:53:14.055 PM]: Creating new connection object"}
{"level":"INFO","message":"[3:53:14.499 PM]: Creating new connection object"}
{"level":"INFO","message":"[3:53:14.704 PM]: Creating new connection object"}
{"level":"INFO","message":"[3:53:14.873 PM]: Creating new connection object"}
{"level":"INFO","message":"[3:53:15.048 PM]: Creating new connection object"}
{"level":"INFO","message":"[3:53:15.863 PM]: Creating new connection object"}
{"level":"INFO","message":"[3:53:17.081 PM]: Creating new connection object"}
{"level":"INFO","message":"[3:53:44.992 PM]: Creating new connection object"}
{"level":"INFO","message":"[3:53:46.842 PM]: Creating new connection object"}
{"level":"INFO","message":"[3:54:40.731 PM]: Creating new connection object"}
{"level":"INFO","message":"[3:55:30.726 PM]: Creating new connection object"}
{"level":"INFO","message":"[3:56:24.252 PM]: Creating new connection object"}
{"level":"INFO","message":"[3:56:26.517 PM]: Creating new connection object"}
{"level":"INFO","message":"[3:56:26.933 PM]: Creating new connection object"}
{"level":"INFO","message":"[3:56:27.263 PM]: Creating new connection object"}
{"level":"INFO","message":"[3:56:27.448 PM]: Creating new connection object"}
{"level":"INFO","message":"[3:56:27.622 PM]: Creating new connection object"}
{"level":"INFO","message":"[3:56:29.673 PM]: Creating new connection object"}
{"level":"INFO","message":"[3:58:17.225 PM]: Creating new connection object"}
{"level":"INFO","message":"[3:58:17.297 PM]: Creating Connection[id: d5ed5afd-f8f6-42dd-be14-03714837d533] with host: zi29681.west-europe.azure.snowflakecomputing.com, account: zi29681, accessUrl: https://zi29681.west-europe.azure.snowflakecomputing.com, user: SUPTOSR@flsmidth.com, password is not provided, role: SEC_GD_DA_DATA_ENGINEER_ROLE, database: FLS_DEV_DB_SUPTOSR, schema: DMT, warehouse: ADA_DBT_FLSEDW_NPROD_COMPUTE, region: west-europe.azure, authenticator: SNOWFLAKE_JWT, ocsp mode: FAIL_OPEN, os: win32, os version: 10.0.19045"}
{"level":"INFO","message":"[3:58:17.298 PM]: Connection[id: d5ed5afd-f8f6-42dd-be14-03714837d533] additional details: passcode in password is provided, passcode is not provided, private key is provided, application: undefined, client name: snowflake-sdk, client version: 1.15.0, retry timeout: 300, private key path: undefined, private key pass is not provided, client store temporary credential: false, browser response timeout: 120000"}
{"level":"INFO","message":"[3:58:17.298 PM]: Connection[id: d5ed5afd-f8f6-42dd-be14-03714837d533] - connection object created successfully."}
{"level":"INFO","message":"[3:58:17.299 PM]: Connection[id: d5ed5afd-f8f6-42dd-be14-03714837d533] - connecting. Associated Snowflake domain: GLOBAL"}
{"level":"INFO","message":"[3:58:17.304 PM]: Connection[id: d5ed5afd-f8f6-42dd-be14-03714837d533] - authentication successful using: SNOWFLAKE_JWT"}
{"level":"INFO","message":"[3:58:17.305 PM]: Trying to initialize Easy Logging"}
{"level":"INFO","message":"[3:58:17.307 PM]: No client config detected."}
{"level":"INFO","message":"[3:58:17.307 PM]: No config file path found. Client config will not be used."}
{"level":"INFO","message":"[3:58:17.308 PM]: Easy Logging is disabled as no config has been found"}
{"level":"INFO","message":"[3:58:17.310 PM]: Connection[id: d5ed5afd-f8f6-42dd-be14-03714837d533] - connected successfully after 11.334600000000137 milliseconds"}
{"level":"INFO","message":"[3:58:27.851 PM]: Creating new connection object"}
{"level":"INFO","message":"[3:58:27.851 PM]: Creating Connection[id: c6f2dcce-1ea7-483c-ab3b-fbb05db7d955] with host: zi29681.west-europe.azure.snowflakecomputing.com, account: zi29681, accessUrl: https://zi29681.west-europe.azure.snowflakecomputing.com, user: SUPTOSR@flsmidth.com, password is not provided, role: SEC_GD_DA_DATA_ENGINEER_ROLE, database: FLS_DEV_DB_SUPTOSR, schema: DMT, warehouse: ADA_DBT_FLSEDW_NPROD_COMPUTE, region: west-europe.azure, authenticator: SNOWFLAKE_JWT, ocsp mode: FAIL_OPEN, os: win32, os version: 10.0.19045"}
{"level":"INFO","message":"[3:58:27.852 PM]: Connection[id: c6f2dcce-1ea7-483c-ab3b-fbb05db7d955] additional details: passcode in password is provided, passcode is not provided, private key is provided, application: undefined, client name: snowflake-sdk, client version: 1.15.0, retry timeout: 300, private key path: undefined, private key pass is not provided, client store temporary credential: false, browser response timeout: 120000"}
{"level":"INFO","message":"[3:58:27.852 PM]: Connection[id: c6f2dcce-1ea7-483c-ab3b-fbb05db7d955] - connection object created successfully."}
{"level":"INFO","message":"[3:58:27.853 PM]: Connection[id: c6f2dcce-1ea7-483c-ab3b-fbb05db7d955] - connecting. Associated Snowflake domain: GLOBAL"}
{"level":"INFO","message":"[3:58:27.855 PM]: Connection[id: c6f2dcce-1ea7-483c-ab3b-fbb05db7d955] - authentication successful using: SNOWFLAKE_JWT"}
{"level":"INFO","message":"[3:58:27.856 PM]: Connection[id: c6f2dcce-1ea7-483c-ab3b-fbb05db7d955] - connected successfully after 3.0622999999977765 milliseconds"}
{"level":"INFO","message":"[3:58:30.849 PM]: Creating new connection object"}
{"level":"INFO","message":"[3:58:30.850 PM]: Creating Connection[id: 58b432c9-06f8-4a1e-bec4-8c3ba78b9d05] with host: zi29681.west-europe.azure.snowflakecomputing.com, account: zi29681, accessUrl: https://zi29681.west-europe.azure.snowflakecomputing.com, user: SUPTOSR@flsmidth.com, password is not provided, role: SEC_GD_DA_DATA_ENGINEER_ROLE, database: FLS_DEV_DB_SUPTOSR, schema: DMT, warehouse: ADA_DBT_FLSEDW_NPROD_COMPUTE, region: west-europe.azure, authenticator: SNOWFLAKE_JWT, ocsp mode: FAIL_OPEN, os: win32, os version: 10.0.19045"}
{"level":"INFO","message":"[3:58:30.850 PM]: Connection[id: 58b432c9-06f8-4a1e-bec4-8c3ba78b9d05] additional details: passcode in password is provided, passcode is not provided, private key is provided, application: undefined, client name: snowflake-sdk, client version: 1.15.0, retry timeout: 300, private key path: undefined, private key pass is not provided, client store temporary credential: false, browser response timeout: 120000"}
{"level":"INFO","message":"[3:58:30.851 PM]: Connection[id: 58b432c9-06f8-4a1e-bec4-8c3ba78b9d05] - connection object created successfully."}
{"level":"INFO","message":"[3:58:30.851 PM]: Connection[id: 58b432c9-06f8-4a1e-bec4-8c3ba78b9d05] - connecting. Associated Snowflake domain: GLOBAL"}
{"level":"INFO","message":"[3:58:30.853 PM]: Connection[id: 58b432c9-06f8-4a1e-bec4-8c3ba78b9d05] - authentication successful using: SNOWFLAKE_JWT"}
{"level":"INFO","message":"[3:58:30.853 PM]: Connection[id: 58b432c9-06f8-4a1e-bec4-8c3ba78b9d05] - connected successfully after 2.516200000001845 milliseconds"}
{"level":"INFO","message":"[3:58:31.518 PM]: Creating new connection object"}
{"level":"INFO","message":"[3:58:31.519 PM]: Creating Connection[id: 793f9035-febd-49db-9fb0-8a09a4f55e06] with host: zi29681.west-europe.azure.snowflakecomputing.com, account: zi29681, accessUrl: https://zi29681.west-europe.azure.snowflakecomputing.com, user: SUPTOSR@flsmidth.com, password is not provided, role: SEC_GD_DA_DATA_ENGINEER_ROLE, database: FLS_DEV_DB_SUPTOSR, schema: DMT, warehouse: ADA_DBT_FLSEDW_NPROD_COMPUTE, region: west-europe.azure, authenticator: SNOWFLAKE_JWT, ocsp mode: FAIL_OPEN, os: win32, os version: 10.0.19045"}
{"level":"INFO","message":"[3:58:31.519 PM]: Connection[id: 793f9035-febd-49db-9fb0-8a09a4f55e06] additional details: passcode in password is provided, passcode is not provided, private key is provided, application: undefined, client name: snowflake-sdk, client version: 1.15.0, retry timeout: 300, private key path: undefined, private key pass is not provided, client store temporary credential: false, browser response timeout: 120000"}
{"level":"INFO","message":"[3:58:31.520 PM]: Connection[id: 793f9035-febd-49db-9fb0-8a09a4f55e06] - connection object created successfully."}
{"level":"INFO","message":"[3:58:31.520 PM]: Connection[id: 793f9035-febd-49db-9fb0-8a09a4f55e06] - connecting. Associated Snowflake domain: GLOBAL"}
{"level":"INFO","message":"[3:58:31.522 PM]: Connection[id: 793f9035-febd-49db-9fb0-8a09a4f55e06] - authentication successful using: SNOWFLAKE_JWT"}
{"level":"INFO","message":"[3:58:31.522 PM]: Connection[id: 793f9035-febd-49db-9fb0-8a09a4f55e06] - connected successfully after 2.583099999999831 milliseconds"}
{"level":"INFO","message":"[3:58:31.951 PM]: Creating new connection object"}
{"level":"INFO","message":"[3:58:31.952 PM]: Creating Connection[id: 47567ca6-4e87-42ac-a9ba-e3d2ee8b8f28] with host: zi29681.west-europe.azure.snowflakecomputing.com, account: zi29681, accessUrl: https://zi29681.west-europe.azure.snowflakecomputing.com, user: SUPTOSR@flsmidth.com, password is not provided, role: SEC_GD_DA_DATA_ENGINEER_ROLE, database: FLS_DEV_DB_SUPTOSR, schema: DMT, warehouse: ADA_DBT_FLSEDW_NPROD_COMPUTE, region: west-europe.azure, authenticator: SNOWFLAKE_JWT, ocsp mode: FAIL_OPEN, os: win32, os version: 10.0.19045"}
{"level":"INFO","message":"[3:58:31.952 PM]: Connection[id: 47567ca6-4e87-42ac-a9ba-e3d2ee8b8f28] additional details: passcode in password is provided, passcode is not provided, private key is provided, application: undefined, client name: snowflake-sdk, client version: 1.15.0, retry timeout: 300, private key path: undefined, private key pass is not provided, client store temporary credential: false, browser response timeout: 120000"}
{"level":"INFO","message":"[3:58:31.952 PM]: Connection[id: 47567ca6-4e87-42ac-a9ba-e3d2ee8b8f28] - connection object created successfully."}
{"level":"INFO","message":"[3:58:31.953 PM]: Connection[id: 47567ca6-4e87-42ac-a9ba-e3d2ee8b8f28] - connecting. Associated Snowflake domain: GLOBAL"}
{"level":"INFO","message":"[3:58:31.955 PM]: Connection[id: 47567ca6-4e87-42ac-a9ba-e3d2ee8b8f28] - authentication successful using: SNOWFLAKE_JWT"}
{"level":"INFO","message":"[3:58:31.956 PM]: Connection[id: 47567ca6-4e87-42ac-a9ba-e3d2ee8b8f28] - connected successfully after 2.809399999998277 milliseconds"}
{"level":"INFO","message":"[3:58:32.439 PM]: Creating new connection object"}
{"level":"INFO","message":"[3:58:32.440 PM]: Creating Connection[id: 9db0454b-d6c3-4ad6-a225-374de0559465] with host: zi29681.west-europe.azure.snowflakecomputing.com, account: zi29681, accessUrl: https://zi29681.west-europe.azure.snowflakecomputing.com, user: SUPTOSR@flsmidth.com, password is not provided, role: SEC_GD_DA_DATA_ENGINEER_ROLE, database: FLS_DEV_DB_SUPTOSR, schema: DMT, warehouse: ADA_DBT_FLSEDW_NPROD_COMPUTE, region: west-europe.azure, authenticator: SNOWFLAKE_JWT, ocsp mode: FAIL_OPEN, os: win32, os version: 10.0.19045"}
{"level":"INFO","message":"[3:58:32.440 PM]: Connection[id: 9db0454b-d6c3-4ad6-a225-374de0559465] additional details: passcode in password is provided, passcode is not provided, private key is provided, application: undefined, client name: snowflake-sdk, client version: 1.15.0, retry timeout: 300, private key path: undefined, private key pass is not provided, client store temporary credential: false, browser response timeout: 120000"}
{"level":"INFO","message":"[3:58:32.441 PM]: Connection[id: 9db0454b-d6c3-4ad6-a225-374de0559465] - connection object created successfully."}
{"level":"INFO","message":"[3:58:32.441 PM]: Connection[id: 9db0454b-d6c3-4ad6-a225-374de0559465] - connecting. Associated Snowflake domain: GLOBAL"}
{"level":"INFO","message":"[3:58:32.443 PM]: Connection[id: 9db0454b-d6c3-4ad6-a225-374de0559465] - authentication successful using: SNOWFLAKE_JWT"}
{"level":"INFO","message":"[3:58:32.443 PM]: Connection[id: 9db0454b-d6c3-4ad6-a225-374de0559465] - connected successfully after 2.2582000000002154 milliseconds"}
{"level":"INFO","message":"[3:58:32.901 PM]: Creating new connection object"}
{"level":"INFO","message":"[3:58:32.902 PM]: Creating Connection[id: 8f36c8fd-0bdc-4d30-9ad7-a7a7effcbd68] with host: zi29681.west-europe.azure.snowflakecomputing.com, account: zi29681, accessUrl: https://zi29681.west-europe.azure.snowflakecomputing.com, user: SUPTOSR@flsmidth.com, password is not provided, role: SEC_GD_DA_DATA_ENGINEER_ROLE, database: FLS_DEV_DB_SUPTOSR, schema: DMT, warehouse: ADA_DBT_FLSEDW_NPROD_COMPUTE, region: west-europe.azure, authenticator: SNOWFLAKE_JWT, ocsp mode: FAIL_OPEN, os: win32, os version: 10.0.19045"}
{"level":"INFO","message":"[3:58:32.902 PM]: Connection[id: 8f36c8fd-0bdc-4d30-9ad7-a7a7effcbd68] additional details: passcode in password is provided, passcode is not provided, private key is provided, application: undefined, client name: snowflake-sdk, client version: 1.15.0, retry timeout: 300, private key path: undefined, private key pass is not provided, client store temporary credential: false, browser response timeout: 120000"}
{"level":"INFO","message":"[3:58:32.903 PM]: Connection[id: 8f36c8fd-0bdc-4d30-9ad7-a7a7effcbd68] - connection object created successfully."}
{"level":"INFO","message":"[3:58:32.904 PM]: Connection[id: 8f36c8fd-0bdc-4d30-9ad7-a7a7effcbd68] - connecting. Associated Snowflake domain: GLOBAL"}
{"level":"INFO","message":"[3:58:32.906 PM]: Connection[id: 8f36c8fd-0bdc-4d30-9ad7-a7a7effcbd68] - authentication successful using: SNOWFLAKE_JWT"}
{"level":"INFO","message":"[3:58:32.907 PM]: Connection[id: 8f36c8fd-0bdc-4d30-9ad7-a7a7effcbd68] - connected successfully after 3.6899000000012165 milliseconds"}
{"level":"INFO","message":"[3:58:33.399 PM]: Creating new connection object"}
{"level":"INFO","message":"[3:58:33.400 PM]: Creating Connection[id: 4fe5fdd7-49f7-4e1c-b8e1-b1800d531564] with host: zi29681.west-europe.azure.snowflakecomputing.com, account: zi29681, accessUrl: https://zi29681.west-europe.azure.snowflakecomputing.com, user: SUPTOSR@flsmidth.com, password is not provided, role: SEC_GD_DA_DATA_ENGINEER_ROLE, database: FLS_DEV_DB_SUPTOSR, schema: DMT, warehouse: ADA_DBT_FLSEDW_NPROD_COMPUTE, region: west-europe.azure, authenticator: SNOWFLAKE_JWT, ocsp mode: FAIL_OPEN, os: win32, os version: 10.0.19045"}
{"level":"INFO","message":"[3:58:33.401 PM]: Connection[id: 4fe5fdd7-49f7-4e1c-b8e1-b1800d531564] additional details: passcode in password is provided, passcode is not provided, private key is provided, application: undefined, client name: snowflake-sdk, client version: 1.15.0, retry timeout: 300, private key path: undefined, private key pass is not provided, client store temporary credential: false, browser response timeout: 120000"}
{"level":"INFO","message":"[3:58:33.402 PM]: Connection[id: 4fe5fdd7-49f7-4e1c-b8e1-b1800d531564] - connection object created successfully."}
{"level":"INFO","message":"[3:58:33.402 PM]: Connection[id: 4fe5fdd7-49f7-4e1c-b8e1-b1800d531564] - connecting. Associated Snowflake domain: GLOBAL"}
{"level":"INFO","message":"[3:58:33.405 PM]: Connection[id: 4fe5fdd7-49f7-4e1c-b8e1-b1800d531564] - authentication successful using: SNOWFLAKE_JWT"}
{"level":"INFO","message":"[3:58:33.406 PM]: Connection[id: 4fe5fdd7-49f7-4e1c-b8e1-b1800d531564] - connected successfully after 3.428199999998469 milliseconds"}
{"level":"INFO","message":"[3:58:33.825 PM]: Creating new connection object"}
{"level":"INFO","message":"[3:58:33.826 PM]: Creating Connection[id: 8bac4ac3-3e81-45eb-ad43-6cf28bc7be40] with host: zi29681.west-europe.azure.snowflakecomputing.com, account: zi29681, accessUrl: https://zi29681.west-europe.azure.snowflakecomputing.com, user: SUPTOSR@flsmidth.com, password is not provided, role: SEC_GD_DA_DATA_ENGINEER_ROLE, database: FLS_DEV_DB_SUPTOSR, schema: DMT, warehouse: ADA_DBT_FLSEDW_NPROD_COMPUTE, region: west-europe.azure, authenticator: SNOWFLAKE_JWT, ocsp mode: FAIL_OPEN, os: win32, os version: 10.0.19045"}
{"level":"INFO","message":"[3:58:33.827 PM]: Connection[id: 8bac4ac3-3e81-45eb-ad43-6cf28bc7be40] additional details: passcode in password is provided, passcode is not provided, private key is provided, application: undefined, client name: snowflake-sdk, client version: 1.15.0, retry timeout: 300, private key path: undefined, private key pass is not provided, client store temporary credential: false, browser response timeout: 120000"}
{"level":"INFO","message":"[3:58:33.828 PM]: Connection[id: 8bac4ac3-3e81-45eb-ad43-6cf28bc7be40] - connection object created successfully."}
{"level":"INFO","message":"[3:58:33.828 PM]: Connection[id: 8bac4ac3-3e81-45eb-ad43-6cf28bc7be40] - connecting. Associated Snowflake domain: GLOBAL"}
{"level":"INFO","message":"[3:58:33.831 PM]: Connection[id: 8bac4ac3-3e81-45eb-ad43-6cf28bc7be40] - authentication successful using: SNOWFLAKE_JWT"}
{"level":"INFO","message":"[3:58:33.832 PM]: Connection[id: 8bac4ac3-3e81-45eb-ad43-6cf28bc7be40] - connected successfully after 3.330999999998312 milliseconds"}
{"level":"INFO","message":"[3:58:36.301 PM]: Creating new connection object"}
{"level":"INFO","message":"[3:58:36.301 PM]: Creating Connection[id: d1cf8d61-6bd9-46db-b19b-c5f1c49021e2] with host: zi29681.west-europe.azure.snowflakecomputing.com, account: zi29681, accessUrl: https://zi29681.west-europe.azure.snowflakecomputing.com, user: SUPTOSR@flsmidth.com, password is not provided, role: SEC_GD_DA_DATA_ENGINEER_ROLE, database: FLS_DEV_DB_SUPTOSR, schema: DMT, warehouse: ADA_DBT_FLSEDW_NPROD_COMPUTE, region: west-europe.azure, authenticator: SNOWFLAKE_JWT, ocsp mode: FAIL_OPEN, os: win32, os version: 10.0.19045"}
{"level":"INFO","message":"[3:58:36.302 PM]: Connection[id: d1cf8d61-6bd9-46db-b19b-c5f1c49021e2] additional details: passcode in password is provided, passcode is not provided, private key is provided, application: undefined, client name: snowflake-sdk, client version: 1.15.0, retry timeout: 300, private key path: undefined, private key pass is not provided, client store temporary credential: false, browser response timeout: 120000"}
{"level":"INFO","message":"[3:58:36.302 PM]: Connection[id: d1cf8d61-6bd9-46db-b19b-c5f1c49021e2] - connection object created successfully."}
{"level":"INFO","message":"[3:58:36.303 PM]: Connection[id: d1cf8d61-6bd9-46db-b19b-c5f1c49021e2] - connecting. Associated Snowflake domain: GLOBAL"}
{"level":"INFO","message":"[3:58:36.304 PM]: Connection[id: d1cf8d61-6bd9-46db-b19b-c5f1c49021e2] - authentication successful using: SNOWFLAKE_JWT"}
{"level":"INFO","message":"[3:58:36.305 PM]: Connection[id: d1cf8d61-6bd9-46db-b19b-c5f1c49021e2] - connected successfully after 2.2717999999949825 milliseconds"}
{"level":"INFO","message":"[3:58:40.088 PM]: Creating new connection object"}
{"level":"INFO","message":"[3:58:40.089 PM]: Creating Connection[id: 370f6fc6-7625-4c28-bdbc-a97ecc797f5e] with host: zi29681.west-europe.azure.snowflakecomputing.com, account: zi29681, accessUrl: https://zi29681.west-europe.azure.snowflakecomputing.com, user: SUPTOSR@flsmidth.com, password is not provided, role: SEC_GD_DA_DATA_ENGINEER_ROLE, database: FLS_DEV_DB_SUPTOSR, schema: DMT, warehouse: ADA_DBT_FLSEDW_NPROD_COMPUTE, region: west-europe.azure, authenticator: SNOWFLAKE_JWT, ocsp mode: FAIL_OPEN, os: win32, os version: 10.0.19045"}
{"level":"INFO","message":"[3:58:40.089 PM]: Connection[id: 370f6fc6-7625-4c28-bdbc-a97ecc797f5e] additional details: passcode in password is provided, passcode is not provided, private key is provided, application: undefined, client name: snowflake-sdk, client version: 1.15.0, retry timeout: 300, private key path: undefined, private key pass is not provided, client store temporary credential: false, browser response timeout: 120000"}
{"level":"INFO","message":"[3:58:40.090 PM]: Connection[id: 370f6fc6-7625-4c28-bdbc-a97ecc797f5e] - connection object created successfully."}
{"level":"INFO","message":"[3:58:40.090 PM]: Connection[id: 370f6fc6-7625-4c28-bdbc-a97ecc797f5e] - connecting. Associated Snowflake domain: GLOBAL"}
{"level":"INFO","message":"[3:58:40.092 PM]: Connection[id: 370f6fc6-7625-4c28-bdbc-a97ecc797f5e] - authentication successful using: SNOWFLAKE_JWT"}
{"level":"INFO","message":"[3:58:40.093 PM]: Connection[id: 370f6fc6-7625-4c28-bdbc-a97ecc797f5e] - connected successfully after 2.7151000000012573 milliseconds"}
{"level":"INFO","message":"[3:58:40.934 PM]: Creating new connection object"}
{"level":"INFO","message":"[3:58:40.934 PM]: Creating Connection[id: f430c914-adb0-4920-966f-78ffe1546cdf] with host: zi29681.west-europe.azure.snowflakecomputing.com, account: zi29681, accessUrl: https://zi29681.west-europe.azure.snowflakecomputing.com, user: SUPTOSR@flsmidth.com, password is not provided, role: SEC_GD_DA_DATA_ENGINEER_ROLE, database: FLS_DEV_DB_SUPTOSR, schema: DMT, warehouse: ADA_DBT_FLSEDW_NPROD_COMPUTE, region: west-europe.azure, authenticator: SNOWFLAKE_JWT, ocsp mode: FAIL_OPEN, os: win32, os version: 10.0.19045"}
{"level":"INFO","message":"[3:58:40.935 PM]: Connection[id: f430c914-adb0-4920-966f-78ffe1546cdf] additional details: passcode in password is provided, passcode is not provided, private key is provided, application: undefined, client name: snowflake-sdk, client version: 1.15.0, retry timeout: 300, private key path: undefined, private key pass is not provided, client store temporary credential: false, browser response timeout: 120000"}
{"level":"INFO","message":"[3:58:40.935 PM]: Connection[id: f430c914-adb0-4920-966f-78ffe1546cdf] - connection object created successfully."}
{"level":"INFO","message":"[3:58:40.935 PM]: Connection[id: f430c914-adb0-4920-966f-78ffe1546cdf] - connecting. Associated Snowflake domain: GLOBAL"}
{"level":"INFO","message":"[3:58:40.937 PM]: Connection[id: f430c914-adb0-4920-966f-78ffe1546cdf] - authentication successful using: SNOWFLAKE_JWT"}
{"level":"INFO","message":"[3:58:40.937 PM]: Connection[id: f430c914-adb0-4920-966f-78ffe1546cdf] - connected successfully after 2.0736000000033528 milliseconds"}
{"level":"INFO","message":"[3:58:42.322 PM]: Creating new connection object"}
{"level":"INFO","message":"[3:58:42.323 PM]: Creating Connection[id: d3b63373-70be-49b3-b5ff-2593ae4ec0e7] with host: zi29681.west-europe.azure.snowflakecomputing.com, account: zi29681, accessUrl: https://zi29681.west-europe.azure.snowflakecomputing.com, user: SUPTOSR@flsmidth.com, password is not provided, role: SEC_GD_DA_DATA_ENGINEER_ROLE, database: FLS_DEV_DB_SUPTOSR, schema: DMT, warehouse: ADA_DBT_FLSEDW_NPROD_COMPUTE, region: west-europe.azure, authenticator: SNOWFLAKE_JWT, ocsp mode: FAIL_OPEN, os: win32, os version: 10.0.19045"}
{"level":"INFO","message":"[3:58:42.323 PM]: Connection[id: d3b63373-70be-49b3-b5ff-2593ae4ec0e7] additional details: passcode in password is provided, passcode is not provided, private key is provided, application: undefined, client name: snowflake-sdk, client version: 1.15.0, retry timeout: 300, private key path: undefined, private key pass is not provided, client store temporary credential: false, browser response timeout: 120000"}
{"level":"INFO","message":"[3:58:42.323 PM]: Connection[id: d3b63373-70be-49b3-b5ff-2593ae4ec0e7] - connection object created successfully."}
{"level":"INFO","message":"[3:58:42.324 PM]: Connection[id: d3b63373-70be-49b3-b5ff-2593ae4ec0e7] - connecting. Associated Snowflake domain: GLOBAL"}
{"level":"INFO","message":"[3:58:42.325 PM]: Connection[id: d3b63373-70be-49b3-b5ff-2593ae4ec0e7] - authentication successful using: SNOWFLAKE_JWT"}
{"level":"INFO","message":"[3:58:42.326 PM]: Connection[id: d3b63373-70be-49b3-b5ff-2593ae4ec0e7] - connected successfully after 2.0058999999964726 milliseconds"}
{"level":"INFO","message":"[3:58:42.857 PM]: Creating new connection object"}
{"level":"INFO","message":"[3:58:42.857 PM]: Creating Connection[id: a6ba02b8-9011-4372-b180-7d44c3ef9366] with host: zi29681.west-europe.azure.snowflakecomputing.com, account: zi29681, accessUrl: https://zi29681.west-europe.azure.snowflakecomputing.com, user: SUPTOSR@flsmidth.com, password is not provided, role: SEC_GD_DA_DATA_ENGINEER_ROLE, database: FLS_DEV_DB_SUPTOSR, schema: DMT, warehouse: ADA_DBT_FLSEDW_NPROD_COMPUTE, region: west-europe.azure, authenticator: SNOWFLAKE_JWT, ocsp mode: FAIL_OPEN, os: win32, os version: 10.0.19045"}
{"level":"INFO","message":"[3:58:42.858 PM]: Connection[id: a6ba02b8-9011-4372-b180-7d44c3ef9366] additional details: passcode in password is provided, passcode is not provided, private key is provided, application: undefined, client name: snowflake-sdk, client version: 1.15.0, retry timeout: 300, private key path: undefined, private key pass is not provided, client store temporary credential: false, browser response timeout: 120000"}
{"level":"INFO","message":"[3:58:42.858 PM]: Connection[id: a6ba02b8-9011-4372-b180-7d44c3ef9366] - connection object created successfully."}
{"level":"INFO","message":"[3:58:42.858 PM]: Connection[id: a6ba02b8-9011-4372-b180-7d44c3ef9366] - connecting. Associated Snowflake domain: GLOBAL"}
{"level":"INFO","message":"[3:58:42.860 PM]: Connection[id: a6ba02b8-9011-4372-b180-7d44c3ef9366] - authentication successful using: SNOWFLAKE_JWT"}
{"level":"INFO","message":"[3:58:42.861 PM]: Connection[id: a6ba02b8-9011-4372-b180-7d44c3ef9366] - connected successfully after 2.33969999999681 milliseconds"}
{"level":"INFO","message":"[3:59:18.718 PM]: Creating new connection object"}
{"level":"INFO","message":"[3:59:18.801 PM]: Creating Connection[id: 4337ac4a-a563-4605-bc05-91520f22c6e5] with host: zi29681.west-europe.azure.snowflakecomputing.com, account: zi29681, accessUrl: https://zi29681.west-europe.azure.snowflakecomputing.com, user: SUPTOSR@flsmidth.com, password is not provided, role: SEC_GD_DA_DATA_ENGINEER_ROLE, database: FLS_DEV_DB_SUPTOSR, schema: DMT, warehouse: ADA_DBT_FLSEDW_NPROD_COMPUTE, region: west-europe.azure, authenticator: SNOWFLAKE_JWT, ocsp mode: FAIL_OPEN, os: win32, os version: 10.0.19045"}
{"level":"INFO","message":"[3:59:18.801 PM]: Connection[id: 4337ac4a-a563-4605-bc05-91520f22c6e5] additional details: passcode in password is provided, passcode is not provided, private key is provided, application: undefined, client name: snowflake-sdk, client version: 1.15.0, retry timeout: 300, private key path: undefined, private key pass is not provided, client store temporary credential: false, browser response timeout: 120000"}
{"level":"INFO","message":"[3:59:18.802 PM]: Connection[id: 4337ac4a-a563-4605-bc05-91520f22c6e5] - connection object created successfully."}
{"level":"INFO","message":"[3:59:18.803 PM]: Connection[id: 4337ac4a-a563-4605-bc05-91520f22c6e5] - connecting. Associated Snowflake domain: GLOBAL"}
{"level":"INFO","message":"[3:59:18.807 PM]: Connection[id: 4337ac4a-a563-4605-bc05-91520f22c6e5] - authentication successful using: SNOWFLAKE_JWT"}
{"level":"INFO","message":"[3:59:18.808 PM]: Trying to initialize Easy Logging"}
{"level":"INFO","message":"[3:59:18.810 PM]: No client config detected."}
{"level":"INFO","message":"[3:59:18.810 PM]: No config file path found. Client config will not be used."}
{"level":"INFO","message":"[3:59:18.810 PM]: Easy Logging is disabled as no config has been found"}
{"level":"INFO","message":"[3:59:18.813 PM]: Connection[id: 4337ac4a-a563-4605-bc05-91520f22c6e5] - connected successfully after 10.518000000000029 milliseconds"}
{"level":"INFO","message":"[3:59:27.770 PM]: Creating new connection object"}
{"level":"INFO","message":"[3:59:27.772 PM]: Creating Connection[id: bbfe5fcb-171a-473e-bdb9-68982ec68757] with host: zi29681.west-europe.azure.snowflakecomputing.com, account: zi29681, accessUrl: https://zi29681.west-europe.azure.snowflakecomputing.com, user: SUPTOSR@flsmidth.com, password is not provided, role: SEC_GD_DA_DATA_ENGINEER_ROLE, database: FLS_DEV_DB_SUPTOSR, schema: DMT, warehouse: ADA_DBT_FLSEDW_NPROD_COMPUTE, region: west-europe.azure, authenticator: SNOWFLAKE_JWT, ocsp mode: FAIL_OPEN, os: win32, os version: 10.0.19045"}
{"level":"INFO","message":"[3:59:27.772 PM]: Connection[id: bbfe5fcb-171a-473e-bdb9-68982ec68757] additional details: passcode in password is provided, passcode is not provided, private key is provided, application: undefined, client name: snowflake-sdk, client version: 1.15.0, retry timeout: 300, private key path: undefined, private key pass is not provided, client store temporary credential: false, browser response timeout: 120000"}
{"level":"INFO","message":"[3:59:27.772 PM]: Connection[id: bbfe5fcb-171a-473e-bdb9-68982ec68757] - connection object created successfully."}
{"level":"INFO","message":"[3:59:27.773 PM]: Connection[id: bbfe5fcb-171a-473e-bdb9-68982ec68757] - connecting. Associated Snowflake domain: GLOBAL"}
{"level":"INFO","message":"[3:59:27.774 PM]: Connection[id: bbfe5fcb-171a-473e-bdb9-68982ec68757] - authentication successful using: SNOWFLAKE_JWT"}
{"level":"INFO","message":"[3:59:27.775 PM]: Connection[id: bbfe5fcb-171a-473e-bdb9-68982ec68757] - connected successfully after 2.603900000000067 milliseconds"}
{"level":"INFO","message":"[3:59:56.987 PM]: Creating new connection object"}
{"level":"INFO","message":"[3:59:56.988 PM]: Creating Connection[id: f4c7493a-aa98-46e1-8544-da2912367091] with host: zi29681.west-europe.azure.snowflakecomputing.com, account: zi29681, accessUrl: https://zi29681.west-europe.azure.snowflakecomputing.com, user: SUPTOSR@flsmidth.com, password is not provided, role: SEC_GD_DA_DATA_ENGINEER_ROLE, database: FLS_DEV_DB_SUPTOSR, schema: DMT, warehouse: ADA_DBT_FLSEDW_NPROD_COMPUTE, region: west-europe.azure, authenticator: SNOWFLAKE_JWT, ocsp mode: FAIL_OPEN, os: win32, os version: 10.0.19045"}
{"level":"INFO","message":"[3:59:56.989 PM]: Connection[id: f4c7493a-aa98-46e1-8544-da2912367091] additional details: passcode in password is provided, passcode is not provided, private key is provided, application: undefined, client name: snowflake-sdk, client version: 1.15.0, retry timeout: 300, private key path: undefined, private key pass is not provided, client store temporary credential: false, browser response timeout: 120000"}
{"level":"INFO","message":"[3:59:56.989 PM]: Connection[id: f4c7493a-aa98-46e1-8544-da2912367091] - connection object created successfully."}
{"level":"INFO","message":"[3:59:56.989 PM]: Connection[id: f4c7493a-aa98-46e1-8544-da2912367091] - connecting. Associated Snowflake domain: GLOBAL"}
{"level":"INFO","message":"[3:59:56.992 PM]: Connection[id: f4c7493a-aa98-46e1-8544-da2912367091] - authentication successful using: SNOWFLAKE_JWT"}
{"level":"INFO","message":"[3:59:56.993 PM]: Connection[id: f4c7493a-aa98-46e1-8544-da2912367091] - connected successfully after 3.2739000000001397 milliseconds"}
{"level":"INFO","message":"[4:03:38.070 PM]: Creating new connection object"}
{"level":"INFO","message":"[4:03:38.137 PM]: Creating Connection[id: b362c48f-77ad-451d-85a9-50a1cdff6ad7] with host: zi29681.west-europe.azure.snowflakecomputing.com, account: zi29681, accessUrl: https://zi29681.west-europe.azure.snowflakecomputing.com, user: SUPTOSR@flsmidth.com, password is not provided, role: SEC_GD_DA_DATA_ENGINEER_ROLE, database: FLS_DEV_DB_SUPTOSR, schema: DMT, warehouse: ADA_DBT_FLSEDW_NPROD_COMPUTE, region: west-europe.azure, authenticator: SNOWFLAKE_JWT, ocsp mode: FAIL_OPEN, os: win32, os version: 10.0.19045"}
{"level":"INFO","message":"[4:03:38.137 PM]: Connection[id: b362c48f-77ad-451d-85a9-50a1cdff6ad7] additional details: passcode in password is provided, passcode is not provided, private key is provided, application: undefined, client name: snowflake-sdk, client version: 1.15.0, retry timeout: 300, private key path: undefined, private key pass is not provided, client store temporary credential: false, browser response timeout: 120000"}
{"level":"INFO","message":"[4:03:38.138 PM]: Connection[id: b362c48f-77ad-451d-85a9-50a1cdff6ad7] - connection object created successfully."}
{"level":"INFO","message":"[4:03:38.138 PM]: Connection[id: b362c48f-77ad-451d-85a9-50a1cdff6ad7] - connecting. Associated Snowflake domain: GLOBAL"}
{"level":"INFO","message":"[4:03:38.142 PM]: Connection[id: b362c48f-77ad-451d-85a9-50a1cdff6ad7] - authentication successful using: SNOWFLAKE_JWT"}
{"level":"INFO","message":"[4:03:38.143 PM]: Trying to initialize Easy Logging"}
{"level":"INFO","message":"[4:03:38.146 PM]: No client config detected."}
{"level":"INFO","message":"[4:03:38.146 PM]: No config file path found. Client config will not be used."}
{"level":"INFO","message":"[4:03:38.146 PM]: Easy Logging is disabled as no config has been found"}
{"level":"INFO","message":"[4:03:38.149 PM]: Connection[id: b362c48f-77ad-451d-85a9-50a1cdff6ad7] - connected successfully after 10.380699999999933 milliseconds"}
{"level":"INFO","message":"[4:03:55.516 PM]: Creating new connection object"}
{"level":"INFO","message":"[4:03:55.583 PM]: Creating Connection[id: ed1bca2d-4dca-4221-832c-cf36e57a8254] with host: zi29681.west-europe.azure.snowflakecomputing.com, account: zi29681, accessUrl: https://zi29681.west-europe.azure.snowflakecomputing.com, user: SUPTOSR@flsmidth.com, password is not provided, role: SEC_GD_DA_DATA_ENGINEER_ROLE, database: FLS_DEV_DB_SUPTOSR, schema: DMT, warehouse: ADA_DBT_FLSEDW_NPROD_COMPUTE, region: west-europe.azure, authenticator: SNOWFLAKE_JWT, ocsp mode: FAIL_OPEN, os: win32, os version: 10.0.19045"}
{"level":"INFO","message":"[4:03:55.583 PM]: Connection[id: ed1bca2d-4dca-4221-832c-cf36e57a8254] additional details: passcode in password is provided, passcode is not provided, private key is provided, application: undefined, client name: snowflake-sdk, client version: 1.15.0, retry timeout: 300, private key path: undefined, private key pass is not provided, client store temporary credential: false, browser response timeout: 120000"}
{"level":"INFO","message":"[4:03:55.584 PM]: Connection[id: ed1bca2d-4dca-4221-832c-cf36e57a8254] - connection object created successfully."}
{"level":"INFO","message":"[4:03:55.584 PM]: Connection[id: ed1bca2d-4dca-4221-832c-cf36e57a8254] - connecting. Associated Snowflake domain: GLOBAL"}
{"level":"INFO","message":"[4:03:55.589 PM]: Connection[id: ed1bca2d-4dca-4221-832c-cf36e57a8254] - authentication successful using: SNOWFLAKE_JWT"}
{"level":"INFO","message":"[4:03:55.590 PM]: Trying to initialize Easy Logging"}
{"level":"INFO","message":"[4:03:55.592 PM]: No client config detected."}
{"level":"INFO","message":"[4:03:55.592 PM]: No config file path found. Client config will not be used."}
{"level":"INFO","message":"[4:03:55.592 PM]: Easy Logging is disabled as no config has been found"}
{"level":"INFO","message":"[4:03:55.595 PM]: Connection[id: ed1bca2d-4dca-4221-832c-cf36e57a8254] - connected successfully after 10.767100000000028 milliseconds"}
{"level":"INFO","message":"[4:04:42.049 PM]: Creating new connection object"}
{"level":"INFO","message":"[4:04:42.113 PM]: Creating Connection[id: 5ff740f8-73b5-4f9c-b706-b3d8ecd9ea05] with host: zi29681.west-europe.azure.snowflakecomputing.com, account: zi29681, accessUrl: https://zi29681.west-europe.azure.snowflakecomputing.com, user: SUPTOSR, password is not provided, role: SEC_GD_DA_DATA_ENGINEER_ROLE, database: FLS_DEV_DB_SUPTOSR, schema: DMT, warehouse: ADA_DBT_FLSEDW_NPROD_COMPUTE, region: west-europe.azure, authenticator: SNOWFLAKE_JWT, ocsp mode: FAIL_OPEN, os: win32, os version: 10.0.19045"}
{"level":"INFO","message":"[4:04:42.114 PM]: Connection[id: 5ff740f8-73b5-4f9c-b706-b3d8ecd9ea05] additional details: passcode in password is provided, passcode is not provided, private key is provided, application: undefined, client name: snowflake-sdk, client version: 1.15.0, retry timeout: 300, private key path: undefined, private key pass is not provided, client store temporary credential: false, browser response timeout: 120000"}
{"level":"INFO","message":"[4:04:42.114 PM]: Connection[id: 5ff740f8-73b5-4f9c-b706-b3d8ecd9ea05] - connection object created successfully."}
{"level":"INFO","message":"[4:04:42.115 PM]: Connection[id: 5ff740f8-73b5-4f9c-b706-b3d8ecd9ea05] - connecting. Associated Snowflake domain: GLOBAL"}
{"level":"INFO","message":"[4:04:42.119 PM]: Connection[id: 5ff740f8-73b5-4f9c-b706-b3d8ecd9ea05] - authentication successful using: SNOWFLAKE_JWT"}
{"level":"INFO","message":"[4:04:42.119 PM]: Trying to initialize Easy Logging"}
{"level":"INFO","message":"[4:04:42.121 PM]: No client config detected."}
{"level":"INFO","message":"[4:04:42.121 PM]: No config file path found. Client config will not be used."}
{"level":"INFO","message":"[4:04:42.122 PM]: Easy Logging is disabled as no config has been found"}
{"level":"INFO","message":"[4:04:42.124 PM]: Connection[id: 5ff740f8-73b5-4f9c-b706-b3d8ecd9ea05] - connected successfully after 9.787599999999884 milliseconds"}
{"level":"INFO","message":"[4:05:14.038 PM]: Creating new connection object"}
{"level":"INFO","message":"[4:05:14.101 PM]: Creating Connection[id: f0d7c2a8-899b-4856-88d8-2dc45e9cc2c1] with host: zi29681.west-europe.azure.snowflakecomputing.com, account: zi29681, accessUrl: https://zi29681.west-europe.azure.snowflakecomputing.com, user: SUPTOSR, password is not provided, role: SEC_GD_DA_DATA_ENGINEER_ROLE, database: FLS_DEV_DB_SUPTOSR, schema: DMT, warehouse: ADA_DBT_FLSEDW_NPROD_COMPUTE, region: west-europe.azure, authenticator: SNOWFLAKE_JWT, ocsp mode: FAIL_OPEN, os: win32, os version: 10.0.19045"}
{"level":"INFO","message":"[4:05:14.102 PM]: Connection[id: f0d7c2a8-899b-4856-88d8-2dc45e9cc2c1] additional details: passcode in password is provided, passcode is not provided, private key is provided, application: undefined, client name: snowflake-sdk, client version: 1.15.0, retry timeout: 300, private key path: undefined, private key pass is not provided, client store temporary credential: false, browser response timeout: 120000"}
{"level":"INFO","message":"[4:05:14.102 PM]: Connection[id: f0d7c2a8-899b-4856-88d8-2dc45e9cc2c1] - connection object created successfully."}
{"level":"INFO","message":"[4:05:14.102 PM]: Connection[id: f0d7c2a8-899b-4856-88d8-2dc45e9cc2c1] - connecting. Associated Snowflake domain: GLOBAL"}
{"level":"INFO","message":"[4:05:14.107 PM]: Connection[id: f0d7c2a8-899b-4856-88d8-2dc45e9cc2c1] - authentication successful using: SNOWFLAKE_JWT"}
{"level":"INFO","message":"[4:05:14.107 PM]: Trying to initialize Easy Logging"}
{"level":"INFO","message":"[4:05:14.109 PM]: No client config detected."}
{"level":"INFO","message":"[4:05:14.110 PM]: No config file path found. Client config will not be used."}
{"level":"INFO","message":"[4:05:14.110 PM]: Easy Logging is disabled as no config has been found"}
{"level":"INFO","message":"[4:05:14.112 PM]: Connection[id: f0d7c2a8-899b-4856-88d8-2dc45e9cc2c1] - connected successfully after 9.884900000000016 milliseconds"}
{"level":"INFO","message":"[4:10:28.662 PM]: Creating new connection object"}
{"level":"INFO","message":"[4:10:28.728 PM]: Creating Connection[id: 376ddae5-9155-4a4c-9266-dc7a64f25930] with host: zi29681.west-europe.azure.snowflakecomputing.com, account: zi29681, accessUrl: https://zi29681.west-europe.azure.snowflakecomputing.com, user: SUPTOSR, password is not provided, role: SEC_GD_DA_DATA_ENGINEER_ROLE, database: FLS_DEV_DB_SUPTOSR, schema: DMT, warehouse: ADA_DBT_FLSEDW_NPROD_COMPUTE, region: west-europe.azure, authenticator: SNOWFLAKE_JWT, ocsp mode: FAIL_OPEN, os: win32, os version: 10.0.19045"}
{"level":"INFO","message":"[4:10:28.729 PM]: Connection[id: 376ddae5-9155-4a4c-9266-dc7a64f25930] additional details: passcode in password is provided, passcode is not provided, private key is not provided, application: undefined, client name: snowflake-sdk, client version: 1.15.0, retry timeout: 300, private key path: C:\\Users\\tomas\\Documents\\40_Development\\Environments\\snowflake_keys\\private_key, private key pass is provided, client store temporary credential: false, browser response timeout: 120000"}
{"level":"INFO","message":"[4:10:28.729 PM]: Connection[id: 376ddae5-9155-4a4c-9266-dc7a64f25930] - connection object created successfully."}
{"level":"INFO","message":"[4:10:28.730 PM]: Connection[id: 376ddae5-9155-4a4c-9266-dc7a64f25930] - connecting. Associated Snowflake domain: GLOBAL"}
{"level":"INFO","message":"[4:10:28.737 PM]: Connection[id: 376ddae5-9155-4a4c-9266-dc7a64f25930] - authentication successful using: SNOWFLAKE_JWT"}
{"level":"INFO","message":"[4:10:28.737 PM]: Trying to initialize Easy Logging"}
{"level":"INFO","message":"[4:10:28.738 PM]: No client config detected."}
{"level":"INFO","message":"[4:10:28.739 PM]: No config file path found. Client config will not be used."}
{"level":"INFO","message":"[4:10:28.739 PM]: Easy Logging is disabled as no config has been found"}
{"level":"INFO","message":"[4:10:28.742 PM]: Connection[id: 376ddae5-9155-4a4c-9266-dc7a64f25930] - connected successfully after 12.696299999999837 milliseconds"}
{"level":"INFO","message":"[4:10:43.019 PM]: Creating new connection object"}
{"level":"INFO","message":"[4:10:43.081 PM]: Creating Connection[id: f4a2deea-3c1f-4dad-9792-ce27c7837247] with host: zi29681.west-europe.azure.snowflakecomputing.com, account: zi29681, accessUrl: https://zi29681.west-europe.azure.snowflakecomputing.com, user: SUPTOSR, password is not provided, role: SEC_GD_DA_DATA_ENGINEER_ROLE, database: FLS_DEV_DB_SUPTOSR, schema: DMT, warehouse: ADA_DBT_FLSEDW_NPROD_COMPUTE, region: west-europe.azure, authenticator: SNOWFLAKE_JWT, ocsp mode: FAIL_OPEN, os: win32, os version: 10.0.19045"}
{"level":"INFO","message":"[4:10:43.082 PM]: Connection[id: f4a2deea-3c1f-4dad-9792-ce27c7837247] additional details: passcode in password is provided, passcode is not provided, private key is not provided, application: undefined, client name: snowflake-sdk, client version: 1.15.0, retry timeout: 300, private key path: C:\\Users\\tomas\\Documents\\40_Development\\Environments\\snowflake_keys\\private_key, private key pass is provided, client store temporary credential: false, browser response timeout: 120000"}
{"level":"INFO","message":"[4:10:43.083 PM]: Connection[id: f4a2deea-3c1f-4dad-9792-ce27c7837247] - connection object created successfully."}
{"level":"INFO","message":"[4:10:43.084 PM]: Connection[id: f4a2deea-3c1f-4dad-9792-ce27c7837247] - connecting. Associated Snowflake domain: GLOBAL"}
{"level":"INFO","message":"[4:10:43.090 PM]: Connection[id: f4a2deea-3c1f-4dad-9792-ce27c7837247] - authentication successful using: SNOWFLAKE_JWT"}
{"level":"INFO","message":"[4:10:43.091 PM]: Trying to initialize Easy Logging"}
{"level":"INFO","message":"[4:10:43.093 PM]: No client config detected."}
{"level":"INFO","message":"[4:10:43.093 PM]: No config file path found. Client config will not be used."}
{"level":"INFO","message":"[4:10:43.094 PM]: Easy Logging is disabled as no config has been found"}
{"level":"INFO","message":"[4:10:43.096 PM]: Connection[id: f4a2deea-3c1f-4dad-9792-ce27c7837247] - connected successfully after 12.671599999999899 milliseconds"}
{"level":"INFO","message":"[4:11:39.185 PM]: Creating new connection object"}
{"level":"INFO","message":"[4:11:39.253 PM]: Creating Connection[id: 9e9dccbf-d980-4b2b-91f7-f183ea878f7d] with host: zi29681.west-europe.azure.snowflakecomputing.com, account: zi29681, accessUrl: https://zi29681.west-europe.azure.snowflakecomputing.com, user: SUPTOSR@flsmidth.com, password is not provided, role: SEC_GD_DA_DATA_ENGINEER_ROLE, database: FLS_DEV_DB_SUPTOSR, schema: DMT, warehouse: ADA_DBT_FLSEDW_NPROD_COMPUTE, region: west-europe.azure, authenticator: SNOWFLAKE_JWT, ocsp mode: FAIL_OPEN, os: win32, os version: 10.0.19045"}
{"level":"INFO","message":"[4:11:39.254 PM]: Connection[id: 9e9dccbf-d980-4b2b-91f7-f183ea878f7d] additional details: passcode in password is provided, passcode is not provided, private key is not provided, application: undefined, client name: snowflake-sdk, client version: 1.15.0, retry timeout: 300, private key path: C:\\Users\\tomas\\Documents\\40_Development\\Environments\\snowflake_keys\\private_key, private key pass is provided, client store temporary credential: false, browser response timeout: 120000"}
{"level":"INFO","message":"[4:11:39.254 PM]: Connection[id: 9e9dccbf-d980-4b2b-91f7-f183ea878f7d] - connection object created successfully."}
{"level":"INFO","message":"[4:11:39.255 PM]: Connection[id: 9e9dccbf-d980-4b2b-91f7-f183ea878f7d] - connecting. Associated Snowflake domain: GLOBAL"}
{"level":"INFO","message":"[4:11:39.262 PM]: Connection[id: 9e9dccbf-d980-4b2b-91f7-f183ea878f7d] - authentication successful using: SNOWFLAKE_JWT"}
{"level":"INFO","message":"[4:11:39.263 PM]: Trying to initialize Easy Logging"}
{"level":"INFO","message":"[4:11:39.265 PM]: No client config detected."}
{"level":"INFO","message":"[4:11:39.266 PM]: No config file path found. Client config will not be used."}
{"level":"INFO","message":"[4:11:39.266 PM]: Easy Logging is disabled as no config has been found"}
{"level":"INFO","message":"[4:11:39.269 PM]: Connection[id: 9e9dccbf-d980-4b2b-91f7-f183ea878f7d] - connected successfully after 14.364999999997963 milliseconds"}
{"level":"INFO","message":"[4:12:29.232 PM]: Creating new connection object"}
{"level":"INFO","message":"[4:12:29.233 PM]: Creating Connection[id: 655a4978-4663-4279-ba2d-c3b23a9d746c] with host: zi29681.west-europe.azure.snowflakecomputing.com, account: zi29681, accessUrl: https://zi29681.west-europe.azure.snowflakecomputing.com, user: SUPTOSR@flsmidth.com, password is not provided, role: SEC_GD_DA_DATA_ENGINEER_ROLE, database: FLS_DEV_DB_SUPTOSR, schema: DMT, warehouse: ADA_DBT_FLSEDW_NPROD_COMPUTE, region: west-europe.azure, authenticator: SNOWFLAKE_JWT, ocsp mode: FAIL_OPEN, os: win32, os version: 10.0.19045"}
{"level":"INFO","message":"[4:12:29.233 PM]: Connection[id: 655a4978-4663-4279-ba2d-c3b23a9d746c] additional details: passcode in password is provided, passcode is not provided, private key is not provided, application: undefined, client name: snowflake-sdk, client version: 1.15.0, retry timeout: 300, private key path: C:\\Users\\tomas\\Documents\\40_Development\\Environments\\snowflake_keys\\private_key, private key pass is provided, client store temporary credential: false, browser response timeout: 120000"}
{"level":"INFO","message":"[4:12:29.233 PM]: Connection[id: 655a4978-4663-4279-ba2d-c3b23a9d746c] - connection object created successfully."}
{"level":"INFO","message":"[4:12:29.234 PM]: Connection[id: 655a4978-4663-4279-ba2d-c3b23a9d746c] - connecting. Associated Snowflake domain: GLOBAL"}
{"level":"INFO","message":"[4:12:29.236 PM]: Connection[id: 655a4978-4663-4279-ba2d-c3b23a9d746c] - authentication successful using: SNOWFLAKE_JWT"}
{"level":"INFO","message":"[4:12:29.237 PM]: Connection[id: 655a4978-4663-4279-ba2d-c3b23a9d746c] - connected successfully after 3.1891000000032363 milliseconds"}
{"level":"INFO","message":"[4:12:48.142 PM]: Creating new connection object"}
{"level":"INFO","message":"[4:12:48.143 PM]: Creating Connection[id: bb9d1b14-c240-4f79-a46b-77c9fc5436bd] with host: zi29681.west-europe.azure.snowflakecomputing.com, account: zi29681, accessUrl: https://zi29681.west-europe.azure.snowflakecomputing.com, user: SUPTOSR@flsmidth.com, password is not provided, role: SEC_GD_DA_DATA_ENGINEER_ROLE, database: FLS_DEV_DB_SUPTOSR, schema: DMT, warehouse: ADA_DBT_FLSEDW_NPROD_COMPUTE, region: west-europe.azure, authenticator: SNOWFLAKE_JWT, ocsp mode: FAIL_OPEN, os: win32, os version: 10.0.19045"}
{"level":"INFO","message":"[4:12:48.144 PM]: Connection[id: bb9d1b14-c240-4f79-a46b-77c9fc5436bd] additional details: passcode in password is provided, passcode is not provided, private key is not provided, application: undefined, client name: snowflake-sdk, client version: 1.15.0, retry timeout: 300, private key path: C:\\Users\\tomas\\Documents\\40_Development\\Environments\\snowflake_keys\\private_key, private key pass is provided, client store temporary credential: false, browser response timeout: 120000"}
{"level":"INFO","message":"[4:12:48.144 PM]: Connection[id: bb9d1b14-c240-4f79-a46b-77c9fc5436bd] - connection object created successfully."}
{"level":"INFO","message":"[4:12:48.144 PM]: Connection[id: bb9d1b14-c240-4f79-a46b-77c9fc5436bd] - connecting. Associated Snowflake domain: GLOBAL"}
{"level":"INFO","message":"[4:12:48.147 PM]: Connection[id: bb9d1b14-c240-4f79-a46b-77c9fc5436bd] - authentication successful using: SNOWFLAKE_JWT"}
{"level":"INFO","message":"[4:12:48.148 PM]: Connection[id: bb9d1b14-c240-4f79-a46b-77c9fc5436bd] - connected successfully after 3.252299999992829 milliseconds"}
{"level":"INFO","message":"[4:13:41.211 PM]: Creating new connection object"}
{"level":"INFO","message":"[4:13:41.211 PM]: Creating Connection[id: 0a47b1c8-a1f6-4e81-b5bf-4142a880d9f7] with host: zi29681.west-europe.azure.snowflakecomputing.com, account: zi29681, accessUrl: https://zi29681.west-europe.azure.snowflakecomputing.com, user: SUPTOSR@flsmidth.com, password is not provided, role: SEC_GD_DA_DATA_ENGINEER_ROLE, database: FLS_DEV_DB_SUPTOSR, schema: DMT, warehouse: ADA_DBT_FLSEDW_NPROD_COMPUTE, region: west-europe.azure, authenticator: SNOWFLAKE_JWT, ocsp mode: FAIL_OPEN, os: win32, os version: 10.0.19045"}
{"level":"INFO","message":"[4:13:41.211 PM]: Connection[id: 0a47b1c8-a1f6-4e81-b5bf-4142a880d9f7] additional details: passcode in password is provided, passcode is not provided, private key is not provided, application: undefined, client name: snowflake-sdk, client version: 1.15.0, retry timeout: 300, private key path: C:\\Users\\tomas\\Documents\\40_Development\\Environments\\snowflake_keys\\private_key, private key pass is provided, client store temporary credential: false, browser response timeout: 120000"}
{"level":"INFO","message":"[4:13:41.212 PM]: Connection[id: 0a47b1c8-a1f6-4e81-b5bf-4142a880d9f7] - connection object created successfully."}
{"level":"INFO","message":"[4:13:41.212 PM]: Connection[id: 0a47b1c8-a1f6-4e81-b5bf-4142a880d9f7] - connecting. Associated Snowflake domain: GLOBAL"}
{"level":"INFO","message":"[4:13:41.214 PM]: Connection[id: 0a47b1c8-a1f6-4e81-b5bf-4142a880d9f7] - authentication successful using: SNOWFLAKE_JWT"}
{"level":"INFO","message":"[4:13:41.215 PM]: Connection[id: 0a47b1c8-a1f6-4e81-b5bf-4142a880d9f7] - connected successfully after 3.1516000000119675 milliseconds"}
{"level":"INFO","message":"[4:13:56.624 PM]: Creating new connection object"}
{"level":"INFO","message":"[4:13:56.624 PM]: Creating Connection[id: fa2b047b-5c85-4a6f-b17a-62e4a38b6885] with host: zi29681.west-europe.azure.snowflakecomputing.com, account: zi29681, accessUrl: https://zi29681.west-europe.azure.snowflakecomputing.com, user: SUPTOSR@flsmidth.com, password is not provided, role: SEC_GD_DA_DATA_ENGINEER_ROLE, database: FLS_DEV_DB_SUPTOSR, schema: DMT, warehouse: ADA_DBT_FLSEDW_NPROD_COMPUTE, region: west-europe.azure, authenticator: SNOWFLAKE_JWT, ocsp mode: FAIL_OPEN, os: win32, os version: 10.0.19045"}
{"level":"INFO","message":"[4:13:56.624 PM]: Connection[id: fa2b047b-5c85-4a6f-b17a-62e4a38b6885] additional details: passcode in password is provided, passcode is not provided, private key is not provided, application: undefined, client name: snowflake-sdk, client version: 1.15.0, retry timeout: 300, private key path: C:\\Users\\tomas\\Documents\\40_Development\\Environments\\snowflake_keys\\private_key, private key pass is provided, client store temporary credential: false, browser response timeout: 120000"}
{"level":"INFO","message":"[4:13:56.625 PM]: Connection[id: fa2b047b-5c85-4a6f-b17a-62e4a38b6885] - connection object created successfully."}
{"level":"INFO","message":"[4:13:56.625 PM]: Connection[id: fa2b047b-5c85-4a6f-b17a-62e4a38b6885] - connecting. Associated Snowflake domain: GLOBAL"}
{"level":"INFO","message":"[4:13:56.627 PM]: Connection[id: fa2b047b-5c85-4a6f-b17a-62e4a38b6885] - authentication successful using: SNOWFLAKE_JWT"}
{"level":"INFO","message":"[4:13:56.628 PM]: Connection[id: fa2b047b-5c85-4a6f-b17a-62e4a38b6885] - connected successfully after 2.9782999999879394 milliseconds"}
{"level":"INFO","message":"[4:15:49.943 PM]: Creating new connection object"}
{"level":"INFO","message":"[4:15:49.943 PM]: Creating Connection[id: 36354814-75be-467e-b6a8-54eb8be177ff] with host: zi29681.west-europe.azure.snowflakecomputing.com, account: zi29681, accessUrl: https://zi29681.west-europe.azure.snowflakecomputing.com, user: SUPTOSR@flsmidth.com, password is not provided, role: SEC_GD_DA_DATA_ENGINEER_ROLE, database: FLS_DEV_DB_SUPTOSR, schema: DMT, warehouse: ADA_DBT_FLSEDW_NPROD_COMPUTE, region: west-europe.azure, authenticator: SNOWFLAKE_JWT, ocsp mode: FAIL_OPEN, os: win32, os version: 10.0.19045"}
{"level":"INFO","message":"[4:15:49.944 PM]: Connection[id: 36354814-75be-467e-b6a8-54eb8be177ff] additional details: passcode in password is provided, passcode is not provided, private key is not provided, application: undefined, client name: snowflake-sdk, client version: 1.15.0, retry timeout: 300, private key path: C:\\Users\\tomas\\Documents\\40_Development\\Environments\\snowflake_keys\\private_key, private key pass is provided, client store temporary credential: false, browser response timeout: 120000"}
{"level":"INFO","message":"[4:15:49.944 PM]: Connection[id: 36354814-75be-467e-b6a8-54eb8be177ff] - connection object created successfully."}
{"level":"INFO","message":"[4:15:49.945 PM]: Connection[id: 36354814-75be-467e-b6a8-54eb8be177ff] - connecting. Associated Snowflake domain: GLOBAL"}
{"level":"INFO","message":"[4:15:49.947 PM]: Connection[id: 36354814-75be-467e-b6a8-54eb8be177ff] - authentication successful using: SNOWFLAKE_JWT"}
{"level":"INFO","message":"[4:15:49.947 PM]: Connection[id: 36354814-75be-467e-b6a8-54eb8be177ff] - connected successfully after 2.8870000000461005 milliseconds"}
{"level":"INFO","message":"[4:16:03.329 PM]: Creating new connection object"}
{"level":"INFO","message":"[4:16:03.330 PM]: Creating Connection[id: 3f43690a-361f-4622-969c-9c6401ecb6df] with host: zi29681.west-europe.azure.snowflakecomputing.com, account: zi29681, accessUrl: https://zi29681.west-europe.azure.snowflakecomputing.com, user: SUPTOSR@flsmidth.com, password is not provided, role: SEC_GD_DA_DATA_ENGINEER_ROLE, database: FLS_DEV_DB_SUPTOSR, schema: DMT, warehouse: ADA_DBT_FLSEDW_NPROD_COMPUTE, region: west-europe.azure, authenticator: SNOWFLAKE_JWT, ocsp mode: FAIL_OPEN, os: win32, os version: 10.0.19045"}
{"level":"INFO","message":"[4:16:03.330 PM]: Connection[id: 3f43690a-361f-4622-969c-9c6401ecb6df] additional details: passcode in password is provided, passcode is not provided, private key is not provided, application: undefined, client name: snowflake-sdk, client version: 1.15.0, retry timeout: 300, private key path: C:\\Users\\tomas\\Documents\\40_Development\\Environments\\snowflake_keys\\private_key, private key pass is provided, client store temporary credential: false, browser response timeout: 120000"}
{"level":"INFO","message":"[4:16:03.331 PM]: Connection[id: 3f43690a-361f-4622-969c-9c6401ecb6df] - connection object created successfully."}
{"level":"INFO","message":"[4:16:03.331 PM]: Connection[id: 3f43690a-361f-4622-969c-9c6401ecb6df] - connecting. Associated Snowflake domain: GLOBAL"}
{"level":"INFO","message":"[4:16:03.334 PM]: Connection[id: 3f43690a-361f-4622-969c-9c6401ecb6df] - authentication successful using: SNOWFLAKE_JWT"}
{"level":"INFO","message":"[4:16:03.334 PM]: Connection[id: 3f43690a-361f-4622-969c-9c6401ecb6df] - connected successfully after 3.0376000000396743 milliseconds"}
{"level":"INFO","message":"[4:16:29.502 PM]: Creating new connection object"}
{"level":"INFO","message":"[4:16:29.503 PM]: Creating Connection[id: 5e77d6dc-d79c-4b9c-a1ea-57ce44c4ad9e] with host: zi29681.west-europe.azure.snowflakecomputing.com, account: zi29681, accessUrl: https://zi29681.west-europe.azure.snowflakecomputing.com, user: SUPTOSR@flsmidth.com, password is not provided, role: SEC_GD_DA_DATA_ENGINEER_ROLE, database: FLS_DEV_DB_SUPTOSR, schema: DMT, warehouse: ADA_DBT_FLSEDW_NPROD_COMPUTE, region: west-europe.azure, authenticator: SNOWFLAKE_JWT, ocsp mode: FAIL_OPEN, os: win32, os version: 10.0.19045"}
{"level":"INFO","message":"[4:16:29.503 PM]: Connection[id: 5e77d6dc-d79c-4b9c-a1ea-57ce44c4ad9e] additional details: passcode in password is provided, passcode is not provided, private key is not provided, application: undefined, client name: snowflake-sdk, client version: 1.15.0, retry timeout: 300, private key path: C:\\Users\\tomas\\Documents\\40_Development\\Environments\\snowflake_keys\\private_key, private key pass is provided, client store temporary credential: false, browser response timeout: 120000"}
{"level":"INFO","message":"[4:16:29.504 PM]: Connection[id: 5e77d6dc-d79c-4b9c-a1ea-57ce44c4ad9e] - connection object created successfully."}
{"level":"INFO","message":"[4:16:29.504 PM]: Connection[id: 5e77d6dc-d79c-4b9c-a1ea-57ce44c4ad9e] - connecting. Associated Snowflake domain: GLOBAL"}
{"level":"INFO","message":"[4:16:29.508 PM]: Connection[id: 5e77d6dc-d79c-4b9c-a1ea-57ce44c4ad9e] - authentication successful using: SNOWFLAKE_JWT"}
{"level":"INFO","message":"[4:16:29.508 PM]: Connection[id: 5e77d6dc-d79c-4b9c-a1ea-57ce44c4ad9e] - connected successfully after 4.1230999999679625 milliseconds"}
{"level":"INFO","message":"[4:18:58.059 PM]: Creating new connection object"}
{"level":"INFO","message":"[4:18:58.059 PM]: Creating Connection[id: f777c786-621d-49a9-be12-7c4b341be49f] with host: zi29681.west-europe.azure.snowflakecomputing.com, account: zi29681, accessUrl: https://zi29681.west-europe.azure.snowflakecomputing.com, user: SUPTOSR@flsmidth.com, password is not provided, role: SEC_GD_DA_DATA_ENGINEER_ROLE, database: FLS_DEV_DB_SUPTOSR, schema: DMT, warehouse: ADA_DBT_FLSEDW_NPROD_COMPUTE, region: west-europe.azure, authenticator: SNOWFLAKE_JWT, ocsp mode: FAIL_OPEN, os: win32, os version: 10.0.19045"}
{"level":"INFO","message":"[4:18:58.060 PM]: Connection[id: f777c786-621d-49a9-be12-7c4b341be49f] additional details: passcode in password is provided, passcode is not provided, private key is not provided, application: undefined, client name: snowflake-sdk, client version: 1.15.0, retry timeout: 300, private key path: C:\\Users\\tomas\\Documents\\40_Development\\Environments\\snowflake_keys\\private_key, private key pass is provided, client store temporary credential: false, browser response timeout: 120000"}
{"level":"INFO","message":"[4:18:58.060 PM]: Connection[id: f777c786-621d-49a9-be12-7c4b341be49f] - connection object created successfully."}
{"level":"INFO","message":"[4:18:58.061 PM]: Connection[id: f777c786-621d-49a9-be12-7c4b341be49f] - connecting. Associated Snowflake domain: GLOBAL"}
{"level":"INFO","message":"[4:18:58.064 PM]: Connection[id: f777c786-621d-49a9-be12-7c4b341be49f] - authentication successful using: SNOWFLAKE_JWT"}
{"level":"INFO","message":"[4:18:58.065 PM]: Connection[id: f777c786-621d-49a9-be12-7c4b341be49f] - connected successfully after 3.9684000000124797 milliseconds"}
{"level":"INFO","message":"[4:20:26.036 PM]: Creating new connection object"}
{"level":"INFO","message":"[4:20:26.108 PM]: Creating Connection[id: 5dfddb27-334c-4931-b789-591ec9a5f4a2] with host: zi29681.west-europe.azure.snowflakecomputing.com, account: zi29681, accessUrl: https://zi29681.west-europe.azure.snowflakecomputing.com, user: KP_AUTH_SERVICE_SUPTOSR, password is not provided, role: SEC_GD_DA_DATA_ENGINEER_ROLE, database: FLS_DEV_DB_SUPTOSR, schema: STG_MART_CI, warehouse: ADA_DBT_FLSEDW_NPROD_COMPUTE, region: west-europe.azure, authenticator: SNOWFLAKE_JWT, ocsp mode: FAIL_OPEN, os: win32, os version: 10."}
{"level":"INFO","message":"[4:20:26.108 PM]: Connection[id: 5dfddb27-334c-4931-b789-591ec9a5f4a2] additional details: passcode in password is provided, passcode is not provided, private key is not provided, application: undefined, client name: snowflake-sdk, client version: 1.15.0, retry timeout: 300, private key path: C:\\\\Users\\\\tomas\\\\Documents\\\\10_Development\\\\Environments\\\\snowflake_keys\\\\snowflake_key, private key pass is provided, client store temporary credential: false, browser response timeout: 120000"}
{"level":"INFO","message":"[4:20:26.109 PM]: Connection[id: 5dfddb27-334c-4931-b789-591ec9a5f4a2] - connection object created successfully."}
{"level":"INFO","message":"[4:20:26.109 PM]: Connection[id: 5dfddb27-334c-4931-b789-591ec9a5f4a2] - connecting. Associated Snowflake domain: GLOBAL"}
{"level":"INFO","message":"[4:20:26.115 PM]: Connection[id: 5dfddb27-334c-4931-b789-591ec9a5f4a2] - authentication successful using: SNOWFLAKE_JWT"}
{"level":"INFO","message":"[4:20:26.116 PM]: Trying to initialize Easy Logging"}
{"level":"INFO","message":"[4:20:26.118 PM]: No client config detected."}
{"level":"INFO","message":"[4:20:26.119 PM]: No config file path found. Client config will not be used."}
{"level":"INFO","message":"[4:20:26.119 PM]: Easy Logging is disabled as no config has been found"}
{"level":"INFO","message":"[4:20:26.122 PM]: Connection[id: 5dfddb27-334c-4931-b789-591ec9a5f4a2] - connected successfully after 13.267399999999952 milliseconds"}
{"level":"INFO","message":"[4:20:26.657 PM]: Creating new connection object"}
{"level":"INFO","message":"[4:20:26.657 PM]: Creating Connection[id: 65ef229f-9196-4705-a2d5-49b5095c2cdd] with host: zi29681.west-europe.azure.snowflakecomputing.com, account: zi29681, accessUrl: https://zi29681.west-europe.azure.snowflakecomputing.com, user: KP_AUTH_SERVICE_SUPTOSR, password is not provided, role: SEC_GD_DA_DATA_ENGINEER_ROLE, database: FLS_DEV_DB_SUPTOSR, schema: STG_MART_CI, warehouse: ADA_DBT_FLSEDW_NPROD_COMPUTE, region: west-europe.azure, authenticator: SNOWFLAKE_JWT, ocsp mode: FAIL_OPEN, os: win32, os version: 10."}
{"level":"INFO","message":"[4:20:26.658 PM]: Connection[id: 65ef229f-9196-4705-a2d5-49b5095c2cdd] additional details: passcode in password is provided, passcode is not provided, private key is not provided, application: undefined, client name: snowflake-sdk, client version: 1.15.0, retry timeout: 300, private key path: C:\\\\Users\\\\tomas\\\\Documents\\\\10_Development\\\\Environments\\\\snowflake_keys\\\\snowflake_key, private key pass is provided, client store temporary credential: false, browser response timeout: 120000"}
{"level":"INFO","message":"[4:20:26.659 PM]: Connection[id: 65ef229f-9196-4705-a2d5-49b5095c2cdd] - connection object created successfully."}
{"level":"INFO","message":"[4:20:26.659 PM]: Connection[id: 65ef229f-9196-4705-a2d5-49b5095c2cdd] - connecting. Associated Snowflake domain: GLOBAL"}
{"level":"INFO","message":"[4:20:26.662 PM]: Connection[id: 65ef229f-9196-4705-a2d5-49b5095c2cdd] - authentication successful using: SNOWFLAKE_JWT"}
{"level":"INFO","message":"[4:20:26.663 PM]: Connection[id: 65ef229f-9196-4705-a2d5-49b5095c2cdd] - connected successfully after 4.186200000000099 milliseconds"}
{"level":"INFO","message":"[4:20:44.802 PM]: Creating new connection object"}
{"level":"INFO","message":"[4:20:44.803 PM]: Creating Connection[id: 10958822-0d81-40b8-8b20-36f81dced2bd] with host: zi29681.west-europe.azure.snowflakecomputing.com, account: zi29681, accessUrl: https://zi29681.west-europe.azure.snowflakecomputing.com, user: KP_AUTH_SERVICE_SUPTOSR, password is not provided, role: SEC_GD_DA_DATA_ENGINEER_ROLE, database: FLS_DEV_DB_SUPTOSR, schema: STG_MART_CI, warehouse: ADA_DBT_FLSEDW_NPROD_COMPUTE, region: west-europe.azure, authenticator: SNOWFLAKE_JWT, ocsp mode: FAIL_OPEN, os: win32, os version: 10."}
{"level":"INFO","message":"[4:20:44.804 PM]: Connection[id: 10958822-0d81-40b8-8b20-36f81dced2bd] additional details: passcode in password is provided, passcode is not provided, private key is not provided, application: undefined, client name: snowflake-sdk, client version: 1.15.0, retry timeout: 300, private key path: C:\\\\Users\\\\tomas\\\\Documents\\\\10_Development\\\\Environments\\\\snowflake_keys\\\\snowflake_key, private key pass is provided, client store temporary credential: false, browser response timeout: 120000"}
{"level":"INFO","message":"[4:20:44.804 PM]: Connection[id: 10958822-0d81-40b8-8b20-36f81dced2bd] - connection object created successfully."}
{"level":"INFO","message":"[4:20:44.805 PM]: Connection[id: 10958822-0d81-40b8-8b20-36f81dced2bd] - connecting. Associated Snowflake domain: GLOBAL"}
{"level":"INFO","message":"[4:20:44.808 PM]: Connection[id: 10958822-0d81-40b8-8b20-36f81dced2bd] - authentication successful using: SNOWFLAKE_JWT"}
{"level":"INFO","message":"[4:20:44.809 PM]: Connection[id: 10958822-0d81-40b8-8b20-36f81dced2bd] - connected successfully after 4.094499999999243 milliseconds"}
{"level":"INFO","message":"[4:21:04.857 PM]: Creating new connection object"}
{"level":"INFO","message":"[4:21:04.858 PM]: Creating Connection[id: 1d14a31a-c5db-4ad0-a002-e029d53dab51] with host: zi29681.west-europe.azure.snowflakecomputing.com, account: zi29681, accessUrl: https://zi29681.west-europe.azure.snowflakecomputing.com, user: KP_AUTH_SERVICE_SUPTOSR, password is not provided, role: SEC_GD_DA_DATA_ENGINEER_ROLE, database: FLS_DEV_DB_SUPTOSR, schema: STG_MART_CI, warehouse: ADA_DBT_FLSEDW_NPROD_COMPUTE, region: west-europe.azure, authenticator: SNOWFLAKE_JWT, ocsp mode: FAIL_OPEN, os: win32, os version: 10."}
{"level":"INFO","message":"[4:21:04.859 PM]: Connection[id: 1d14a31a-c5db-4ad0-a002-e029d53dab51] additional details: passcode in password is provided, passcode is not provided, private key is not provided, application: undefined, client name: snowflake-sdk, client version: 1.15.0, retry timeout: 300, private key path: C:\\\\Users\\\\tomas\\\\Documents\\\\10_Development\\\\Environments\\\\snowflake_keys\\\\snowflake_key, private key pass is provided, client store temporary credential: false, browser response timeout: 120000"}
{"level":"INFO","message":"[4:21:04.859 PM]: Connection[id: 1d14a31a-c5db-4ad0-a002-e029d53dab51] - connection object created successfully."}
{"level":"INFO","message":"[4:21:04.859 PM]: Connection[id: 1d14a31a-c5db-4ad0-a002-e029d53dab51] - connecting. Associated Snowflake domain: GLOBAL"}
{"level":"INFO","message":"[4:21:04.862 PM]: Connection[id: 1d14a31a-c5db-4ad0-a002-e029d53dab51] - authentication successful using: SNOWFLAKE_JWT"}
{"level":"INFO","message":"[4:21:04.863 PM]: Connection[id: 1d14a31a-c5db-4ad0-a002-e029d53dab51] - connected successfully after 3.5759000000034575 milliseconds"}
{"level":"INFO","message":"[5:46:44.822 PM]: Creating new connection object"}
{"level":"INFO","message":"[5:46:45.015 PM]: Creating Connection[id: 788c104d-167f-4a4a-bcdc-d2ce50c85091] with host: zi29681.west-europe.azure.snowflakecomputing.com, account: zi29681, accessUrl: https://zi29681.west-europe.azure.snowflakecomputing.com, user: KP_AUTH_SERVICE_SUPTOSR, password is not provided, role: SEC_GD_DA_DATA_ENGINEER_ROLE, database: FLS_DEV_DB_SUPTOSR, schema: STG_MART_CI, warehouse: ADA_DBT_FLSEDW_NPROD_COMPUTE, region: west-europe.azure, authenticator: SNOWFLAKE_JWT, ocsp mode: FAIL_OPEN, os: win32, os version: 10."}
{"level":"INFO","message":"[5:46:45.017 PM]: Connection[id: 788c104d-167f-4a4a-bcdc-d2ce50c85091] additional details: passcode in password is provided, passcode is not provided, private key is not provided, application: undefined, client name: snowflake-sdk, client version: 1.15.0, retry timeout: 300, private key path: C:\\\\Users\\\\tomas\\\\Documents\\\\10_Development\\\\Environments\\\\snowflake_keys\\\\snowflake_key, private key pass is provided, client store temporary credential: false, browser response timeout: 120000"}
{"level":"INFO","message":"[5:46:45.021 PM]: Connection[id: 788c104d-167f-4a4a-bcdc-d2ce50c85091] - connection object created successfully."}
{"level":"INFO","message":"[5:46:45.023 PM]: Connection[id: 788c104d-167f-4a4a-bcdc-d2ce50c85091] - connecting. Associated Snowflake domain: GLOBAL"}
{"level":"INFO","message":"[5:46:45.037 PM]: Connection[id: 788c104d-167f-4a4a-bcdc-d2ce50c85091] - authentication successful using: SNOWFLAKE_JWT"}
{"level":"INFO","message":"[5:46:45.038 PM]: Trying to initialize Easy Logging"}
{"level":"INFO","message":"[5:46:45.043 PM]: No client config detected."}
{"level":"INFO","message":"[5:46:45.044 PM]: No config file path found. Client config will not be used."}
{"level":"INFO","message":"[5:46:45.045 PM]: Easy Logging is disabled as no config has been found"}
{"level":"INFO","message":"[5:46:45.050 PM]: Connection[id: 788c104d-167f-4a4a-bcdc-d2ce50c85091] - connected successfully after 27.749800000000505 milliseconds"}
{"level":"INFO","message":"[5:47:07.759 PM]: Creating new connection object"}
{"level":"INFO","message":"[5:47:07.929 PM]: Creating Connection[id: ede1ef93-df59-43b5-bc56-7c0522f41465] with host: zi29681.west-europe.azure.snowflakecomputing.com, account: zi29681, accessUrl: https://zi29681.west-europe.azure.snowflakecomputing.com, user: KP_AUTH_SERVICE_SUPTOSR, password is not provided, role: SEC_GD_DA_DATA_ENGINEER_ROLE, database: FLS_DEV_DB_SUPTOSR, schema: STG_MART_CI, warehouse: ADA_DBT_FLSEDW_NPROD_COMPUTE, region: west-europe.azure, authenticator: SNOWFLAKE_JWT, ocsp mode: FAIL_OPEN, os: win32, os version: 10."}
{"level":"INFO","message":"[5:47:07.930 PM]: Connection[id: ede1ef93-df59-43b5-bc56-7c0522f41465] additional details: passcode in password is provided, passcode is not provided, private key is not provided, application: undefined, client name: snowflake-sdk, client version: 1.15.0, retry timeout: 300, private key path: C:\\\\Users\\\\tomas\\\\Documents\\\\10_Development\\\\Environments\\\\snowflake_keys\\\\snowflake_key, private key pass is provided, client store temporary credential: false, browser response timeout: 120000"}
{"level":"INFO","message":"[5:47:07.931 PM]: Connection[id: ede1ef93-df59-43b5-bc56-7c0522f41465] - connection object created successfully."}
{"level":"INFO","message":"[5:47:07.932 PM]: Connection[id: ede1ef93-df59-43b5-bc56-7c0522f41465] - connecting. Associated Snowflake domain: GLOBAL"}
{"level":"INFO","message":"[5:47:07.949 PM]: Connection[id: ede1ef93-df59-43b5-bc56-7c0522f41465] - authentication successful using: SNOWFLAKE_JWT"}
{"level":"INFO","message":"[5:47:07.950 PM]: Trying to initialize Easy Logging"}
{"level":"INFO","message":"[5:47:07.957 PM]: No client config detected."}
{"level":"INFO","message":"[5:47:07.957 PM]: No config file path found. Client config will not be used."}
{"level":"INFO","message":"[5:47:07.958 PM]: Easy Logging is disabled as no config has been found"}
{"level":"INFO","message":"[5:47:07.965 PM]: Connection[id: ede1ef93-df59-43b5-bc56-7c0522f41465] - connected successfully after 32.39980000000014 milliseconds"}
{"level":"INFO","message":"[5:47:09.453 PM]: Creating new connection object"}
{"level":"INFO","message":"[5:47:09.455 PM]: Creating Connection[id: 9c58bcda-ae4b-4a05-bfd0-fc45fcabb6e8] with host: zi29681.west-europe.azure.snowflakecomputing.com, account: zi29681, accessUrl: https://zi29681.west-europe.azure.snowflakecomputing.com, user: KP_AUTH_SERVICE_SUPTOSR, password is not provided, role: SEC_GD_DA_DATA_ENGINEER_ROLE, database: FLS_DEV_DB_SUPTOSR, schema: STG_MART_CI, warehouse: ADA_DBT_FLSEDW_NPROD_COMPUTE, region: west-europe.azure, authenticator: SNOWFLAKE_JWT, ocsp mode: FAIL_OPEN, os: win32, os version: 10."}
{"level":"INFO","message":"[5:47:09.455 PM]: Connection[id: 9c58bcda-ae4b-4a05-bfd0-fc45fcabb6e8] additional details: passcode in password is provided, passcode is not provided, private key is not provided, application: undefined, client name: snowflake-sdk, client version: 1.15.0, retry timeout: 300, private key path: C:\\\\Users\\\\tomas\\\\Documents\\\\10_Development\\\\Environments\\\\snowflake_keys\\\\snowflake_key, private key pass is provided, client store temporary credential: false, browser response timeout: 120000"}
{"level":"INFO","message":"[5:47:09.456 PM]: Connection[id: 9c58bcda-ae4b-4a05-bfd0-fc45fcabb6e8] - connection object created successfully."}
{"level":"INFO","message":"[5:47:09.457 PM]: Connection[id: 9c58bcda-ae4b-4a05-bfd0-fc45fcabb6e8] - connecting. Associated Snowflake domain: GLOBAL"}
{"level":"INFO","message":"[5:47:09.464 PM]: Connection[id: 9c58bcda-ae4b-4a05-bfd0-fc45fcabb6e8] - authentication successful using: SNOWFLAKE_JWT"}
{"level":"INFO","message":"[5:47:09.465 PM]: Connection[id: 9c58bcda-ae4b-4a05-bfd0-fc45fcabb6e8] - connected successfully after 8.755500000000211 milliseconds"}
{"level":"INFO","message":"[5:47:32.238 PM]: Creating new connection object"}
{"level":"INFO","message":"[5:47:32.425 PM]: Creating Connection[id: 3f61e7c3-c553-4c82-ba24-a643afde6e7f] with host: zi29681.west-europe.azure.snowflakecomputing.com, account: zi29681, accessUrl: https://zi29681.west-europe.azure.snowflakecomputing.com, user: KP_AUTH_SERVICE_SUPTOSR, password is not provided, role: SEC_GD_DA_DATA_ENGINEER_ROLE, database: FLS_DEV_DB_SUPTOSR, schema: STG_MART_CI, warehouse: ADA_DBT_FLSEDW_NPROD_COMPUTE, region: west-europe.azure, authenticator: SNOWFLAKE_JWT, ocsp mode: FAIL_OPEN, os: win32, os version: 10."}
{"level":"INFO","message":"[5:47:32.427 PM]: Connection[id: 3f61e7c3-c553-4c82-ba24-a643afde6e7f] additional details: passcode in password is provided, passcode is not provided, private key is not provided, application: undefined, client name: snowflake-sdk, client version: 1.15.0, retry timeout: 300, private key path: C:\\\\Users\\\\tomas\\\\Documents\\\\10_Development\\\\Environments\\\\snowflake_keys\\\\snowflake_key, private key pass is provided, client store temporary credential: false, browser response timeout: 120000"}
{"level":"INFO","message":"[5:47:32.429 PM]: Connection[id: 3f61e7c3-c553-4c82-ba24-a643afde6e7f] - connection object created successfully."}
{"level":"INFO","message":"[5:47:32.430 PM]: Connection[id: 3f61e7c3-c553-4c82-ba24-a643afde6e7f] - connecting. Associated Snowflake domain: GLOBAL"}
{"level":"INFO","message":"[5:47:32.450 PM]: Connection[id: 3f61e7c3-c553-4c82-ba24-a643afde6e7f] - authentication successful using: SNOWFLAKE_JWT"}
{"level":"INFO","message":"[5:47:32.451 PM]: Trying to initialize Easy Logging"}
{"level":"INFO","message":"[5:47:32.455 PM]: No client config detected."}
{"level":"INFO","message":"[5:47:32.456 PM]: No config file path found. Client config will not be used."}
{"level":"INFO","message":"[5:47:32.457 PM]: Easy Logging is disabled as no config has been found"}
{"level":"INFO","message":"[5:47:32.464 PM]: Connection[id: 3f61e7c3-c553-4c82-ba24-a643afde6e7f] - connected successfully after 33.47159999999985 milliseconds"}
{"level":"INFO","message":"[6:07:41.115 PM]: Creating new connection object"}
{"level":"INFO","message":"[6:07:41.234 PM]: Creating Connection[id: d928f3bc-9e9a-429d-b1e7-62f636a6e55e] with host: zi29681.west-europe.azure.snowflakecomputing.com, account: zi29681, accessUrl: https://zi29681.west-europe.azure.snowflakecomputing.com, user: KP_AUTH_SERVICE_SUPTOSR, password is not provided, role: SEC_GD_DA_DATA_ENGINEER_ROLE, database: FLS_DEV_DB_SUPTOSR, schema: STG_MART_CI, warehouse: ADA_DBT_FLSEDW_NPROD_COMPUTE, region: west-europe.azure, authenticator: SNOWFLAKE_JWT, ocsp mode: FAIL_OPEN, os: win32, os version: 10."}
{"level":"INFO","message":"[6:07:41.235 PM]: Connection[id: d928f3bc-9e9a-429d-b1e7-62f636a6e55e] additional details: passcode in password is provided, passcode is not provided, private key is not provided, application: undefined, client name: snowflake-sdk, client version: 1.15.0, retry timeout: 300, private key path: C:\\\\Users\\\\tomas\\\\Documents\\\\10_Development\\\\Environments\\\\snowflake_keys\\\\snowflake_key, private key pass is provided, client store temporary credential: false, browser response timeout: 120000"}
{"level":"INFO","message":"[6:07:41.236 PM]: Connection[id: d928f3bc-9e9a-429d-b1e7-62f636a6e55e] - connection object created successfully."}
{"level":"INFO","message":"[6:07:41.237 PM]: Connection[id: d928f3bc-9e9a-429d-b1e7-62f636a6e55e] - connecting. Associated Snowflake domain: GLOBAL"}
{"level":"INFO","message":"[6:07:41.246 PM]: Connection[id: d928f3bc-9e9a-429d-b1e7-62f636a6e55e] - authentication successful using: SNOWFLAKE_JWT"}
{"level":"INFO","message":"[6:07:41.248 PM]: Trying to initialize Easy Logging"}
{"level":"INFO","message":"[6:07:41.252 PM]: No client config detected."}
{"level":"INFO","message":"[6:07:41.253 PM]: No config file path found. Client config will not be used."}
{"level":"INFO","message":"[6:07:41.253 PM]: Easy Logging is disabled as no config has been found"}
{"level":"INFO","message":"[6:07:41.260 PM]: Connection[id: d928f3bc-9e9a-429d-b1e7-62f636a6e55e] - connected successfully after 23.362999999997555 milliseconds"}
{"level":"INFO","message":"[6:08:31.458 PM]: Creating new connection object"}
{"level":"INFO","message":"[6:08:31.607 PM]: Creating Connection[id: 2c5b6993-98cd-4c4a-b231-9122866f34b2] with host: zi29681.west-europe.azure.snowflakecomputing.com, account: zi29681, accessUrl: https://zi29681.west-europe.azure.snowflakecomputing.com, user: KP_AUTH_SERVICE_SUPTOSR, password is not provided, role: SEC_GD_DA_DATA_ENGINEER_ROLE, database: FLS_DEV_DB_SUPTOSR, schema: STG_MART_CI, warehouse: ADA_DBT_FLSEDW_NPROD_COMPUTE, region: west-europe.azure, authenticator: SNOWFLAKE_JWT, ocsp mode: FAIL_OPEN, os: win32, os version: 10."}
{"level":"INFO","message":"[6:08:31.608 PM]: Connection[id: 2c5b6993-98cd-4c4a-b231-9122866f34b2] additional details: passcode in password is provided, passcode is not provided, private key is not provided, application: undefined, client name: snowflake-sdk, client version: 1.15.0, retry timeout: 300, private key path: C:\\\\Users\\\\tomas\\\\Documents\\\\10_Development\\\\Environments\\\\snowflake_keys\\\\snowflake_key, private key pass is provided, client store temporary credential: false, browser response timeout: 120000"}
{"level":"INFO","message":"[6:08:31.609 PM]: Connection[id: 2c5b6993-98cd-4c4a-b231-9122866f34b2] - connection object created successfully."}
{"level":"INFO","message":"[6:08:31.610 PM]: Connection[id: 2c5b6993-98cd-4c4a-b231-9122866f34b2] - connecting. Associated Snowflake domain: GLOBAL"}
{"level":"INFO","message":"[6:08:31.624 PM]: Connection[id: 2c5b6993-98cd-4c4a-b231-9122866f34b2] - authentication successful using: SNOWFLAKE_JWT"}
{"level":"INFO","message":"[6:08:31.626 PM]: Trying to initialize Easy Logging"}
{"level":"INFO","message":"[6:08:31.630 PM]: No client config detected."}
{"level":"INFO","message":"[6:08:31.630 PM]: No config file path found. Client config will not be used."}
{"level":"INFO","message":"[6:08:31.631 PM]: Easy Logging is disabled as no config has been found"}
{"level":"INFO","message":"[6:08:31.640 PM]: Connection[id: 2c5b6993-98cd-4c4a-b231-9122866f34b2] - connected successfully after 30.129699999999957 milliseconds"}
{"level":"INFO","message":"[6:08:37.212 PM]: Creating new connection object"}
{"level":"INFO","message":"[6:08:37.213 PM]: Creating Connection[id: e372c6eb-db8a-4a7f-8dc4-5d74a23ceffd] with host: zi29681.west-europe.azure.snowflakecomputing.com, account: zi29681, accessUrl: https://zi29681.west-europe.azure.snowflakecomputing.com, user: KP_AUTH_SERVICE_SUPTOSR, password is not provided, role: SEC_GD_DA_DATA_ENGINEER_ROLE, database: FLS_DEV_DB_SUPTOSR, schema: STG_MART_CI, warehouse: ADA_DBT_FLSEDW_NPROD_COMPUTE, region: west-europe.azure, authenticator: SNOWFLAKE_JWT, ocsp mode: FAIL_OPEN, os: win32, os version: 10."}
{"level":"INFO","message":"[6:08:37.214 PM]: Connection[id: e372c6eb-db8a-4a7f-8dc4-5d74a23ceffd] additional details: passcode in password is provided, passcode is not provided, private key is not provided, application: undefined, client name: snowflake-sdk, client version: 1.15.0, retry timeout: 300, private key path: C:\\\\Users\\\\tomas\\\\Documents\\\\10_Development\\\\Environments\\\\snowflake_keys\\\\snowflake_key, private key pass is provided, client store temporary credential: false, browser response timeout: 120000"}
{"level":"INFO","message":"[6:08:37.214 PM]: Connection[id: e372c6eb-db8a-4a7f-8dc4-5d74a23ceffd] - connection object created successfully."}
{"level":"INFO","message":"[6:08:37.215 PM]: Connection[id: e372c6eb-db8a-4a7f-8dc4-5d74a23ceffd] - connecting. Associated Snowflake domain: GLOBAL"}
{"level":"INFO","message":"[6:08:37.220 PM]: Connection[id: e372c6eb-db8a-4a7f-8dc4-5d74a23ceffd] - authentication successful using: SNOWFLAKE_JWT"}
{"level":"INFO","message":"[6:08:37.221 PM]: Connection[id: e372c6eb-db8a-4a7f-8dc4-5d74a23ceffd] - connected successfully after 6.504300000000512 milliseconds"}
{"level":"INFO","message":"[6:08:42.153 PM]: Creating new connection object"}
{"level":"INFO","message":"[6:08:42.155 PM]: Creating Connection[id: b99a86f1-420a-4df1-b7af-fd0ea3648d8b] with host: zi29681.west-europe.azure.snowflakecomputing.com, account: zi29681, accessUrl: https://zi29681.west-europe.azure.snowflakecomputing.com, user: KP_AUTH_SERVICE_SUPTOSR, password is not provided, role: SEC_GD_DA_DATA_ENGINEER_ROLE, database: FLS_DEV_DB_SUPTOSR, schema: STG_MART_CI, warehouse: ADA_DBT_FLSEDW_NPROD_COMPUTE, region: west-europe.azure, authenticator: SNOWFLAKE_JWT, ocsp mode: FAIL_OPEN, os: win32, os version: 10."}
{"level":"INFO","message":"[6:08:42.168 PM]: Connection[id: b99a86f1-420a-4df1-b7af-fd0ea3648d8b] additional details: passcode in password is provided, passcode is not provided, private key is not provided, application: undefined, client name: snowflake-sdk, client version: 1.15.0, retry timeout: 300, private key path: C:\\\\Users\\\\tomas\\\\Documents\\\\10_Development\\\\Environments\\\\snowflake_keys\\\\snowflake_key, private key pass is provided, client store temporary credential: false, browser response timeout: 120000"}
{"level":"INFO","message":"[6:08:42.171 PM]: Connection[id: b99a86f1-420a-4df1-b7af-fd0ea3648d8b] - connection object created successfully."}
{"level":"INFO","message":"[6:08:42.178 PM]: Connection[id: b99a86f1-420a-4df1-b7af-fd0ea3648d8b] - connecting. Associated Snowflake domain: GLOBAL"}
{"level":"INFO","message":"[6:08:42.185 PM]: Connection[id: b99a86f1-420a-4df1-b7af-fd0ea3648d8b] - authentication successful using: SNOWFLAKE_JWT"}
{"level":"INFO","message":"[6:08:42.187 PM]: Connection[id: b99a86f1-420a-4df1-b7af-fd0ea3648d8b] - connected successfully after 9.387300000000323 milliseconds"}
{"level":"INFO","message":"[6:11:44.071 PM]: Creating new connection object"}
{"level":"INFO","message":"[6:11:44.073 PM]: Creating Connection[id: 87d7b21e-aef6-4871-9146-f57c0a3690bb] with host: zi29681.west-europe.azure.snowflakecomputing.com, account: zi29681, accessUrl: https://zi29681.west-europe.azure.snowflakecomputing.com, user: KP_AUTH_SERVICE_SUPTOSR, password is not provided, role: SEC_GD_DA_DATA_ENGINEER_ROLE, database: FLS_DEV_DB_SUPTOSR, schema: STG_MART_CI, warehouse: ADA_DBT_FLSEDW_NPROD_COMPUTE, region: west-europe.azure, authenticator: SNOWFLAKE_JWT, ocsp mode: FAIL_OPEN, os: win32, os version: 10."}
{"level":"INFO","message":"[6:11:44.088 PM]: Connection[id: 87d7b21e-aef6-4871-9146-f57c0a3690bb] additional details: passcode in password is provided, passcode is not provided, private key is not provided, application: undefined, client name: snowflake-sdk, client version: 1.15.0, retry timeout: 300, private key path: C:\\\\Users\\\\tomas\\\\Documents\\\\10_Development\\\\Environments\\\\snowflake_keys\\\\snowflake_key, private key pass is provided, client store temporary credential: false, browser response timeout: 120000"}
{"level":"INFO","message":"[6:11:44.092 PM]: Connection[id: 87d7b21e-aef6-4871-9146-f57c0a3690bb] - connection object created successfully."}
{"level":"INFO","message":"[6:11:44.094 PM]: Connection[id: 87d7b21e-aef6-4871-9146-f57c0a3690bb] - connecting. Associated Snowflake domain: GLOBAL"}
{"level":"INFO","message":"[6:11:44.109 PM]: Connection[id: 87d7b21e-aef6-4871-9146-f57c0a3690bb] - authentication successful using: SNOWFLAKE_JWT"}
{"level":"INFO","message":"[6:11:44.112 PM]: Connection[id: 87d7b21e-aef6-4871-9146-f57c0a3690bb] - connected successfully after 17.834499999997206 milliseconds"}
{"level":"INFO","message":"[6:13:47.469 PM]: Creating new connection object"}
{"level":"INFO","message":"[6:13:47.654 PM]: Creating Connection[id: 0f49352a-df70-40ba-8df7-ae98e2eebcbc] with host: zi29681.west-europe.azure.snowflakecomputing.com, account: zi29681, accessUrl: https://zi29681.west-europe.azure.snowflakecomputing.com, user: KP_AUTH_SERVICE_SUPTOSR, password is not provided, role: SEC_GD_DA_DATA_ENGINEER_ROLE, database: FLS_DEV_DB_SUPTOSR, schema: STG_MART_CI, warehouse: ADA_DBT_FLSEDW_NPROD_COMPUTE, region: west-europe.azure, authenticator: SNOWFLAKE_JWT, ocsp mode: FAIL_OPEN, os: win32, os version: 10."}
{"level":"INFO","message":"[6:13:47.656 PM]: Connection[id: 0f49352a-df70-40ba-8df7-ae98e2eebcbc] additional details: passcode in password is provided, passcode is not provided, private key is not provided, application: undefined, client name: snowflake-sdk, client version: 1.15.0, retry timeout: 300, private key path: C:\\\\Users\\\\tomas\\\\Documents\\\\10_Development\\\\Environments\\\\snowflake_keys\\\\snowflake_key, private key pass is provided, client store temporary credential: false, browser response timeout: 120000"}
{"level":"INFO","message":"[6:13:47.658 PM]: Connection[id: 0f49352a-df70-40ba-8df7-ae98e2eebcbc] - connection object created successfully."}
{"level":"INFO","message":"[6:13:47.659 PM]: Connection[id: 0f49352a-df70-40ba-8df7-ae98e2eebcbc] - connecting. Associated Snowflake domain: GLOBAL"}
{"level":"INFO","message":"[6:13:47.675 PM]: Connection[id: 0f49352a-df70-40ba-8df7-ae98e2eebcbc] - authentication successful using: SNOWFLAKE_JWT"}
{"level":"INFO","message":"[6:13:47.677 PM]: Trying to initialize Easy Logging"}
{"level":"INFO","message":"[6:13:47.680 PM]: No client config detected."}
{"level":"INFO","message":"[6:13:47.680 PM]: No config file path found. Client config will not be used."}
{"level":"INFO","message":"[6:13:47.681 PM]: Easy Logging is disabled as no config has been found"}
{"level":"INFO","message":"[6:13:47.687 PM]: Connection[id: 0f49352a-df70-40ba-8df7-ae98e2eebcbc] - connected successfully after 28.41870000000017 milliseconds"}
{"level":"INFO","message":"[6:13:55.332 PM]: Creating new connection object"}
{"level":"INFO","message":"[6:13:55.333 PM]: Creating Connection[id: 4878d92a-98d0-4b9f-8a5b-441aad13728b] with host: zi29681.west-europe.azure.snowflakecomputing.com, account: zi29681, accessUrl: https://zi29681.west-europe.azure.snowflakecomputing.com, user: KP_AUTH_SERVICE_SUPTOSR, password is not provided, role: SEC_GD_DA_DATA_ENGINEER_ROLE, database: FLS_DEV_DB_SUPTOSR, schema: STG_MART_CI, warehouse: ADA_DBT_FLSEDW_NPROD_COMPUTE, region: west-europe.azure, authenticator: SNOWFLAKE_JWT, ocsp mode: FAIL_OPEN, os: win32, os version: 10."}
{"level":"INFO","message":"[6:13:55.334 PM]: Connection[id: 4878d92a-98d0-4b9f-8a5b-441aad13728b] additional details: passcode in password is provided, passcode is not provided, private key is not provided, application: undefined, client name: snowflake-sdk, client version: 1.15.0, retry timeout: 300, private key path: C:\\\\Users\\\\tomas\\\\Documents\\\\10_Development\\\\Environments\\\\snowflake_keys\\\\snowflake_key, private key pass is provided, client store temporary credential: false, browser response timeout: 120000"}
{"level":"INFO","message":"[6:13:55.335 PM]: Connection[id: 4878d92a-98d0-4b9f-8a5b-441aad13728b] - connection object created successfully."}
{"level":"INFO","message":"[6:13:55.335 PM]: Connection[id: 4878d92a-98d0-4b9f-8a5b-441aad13728b] - connecting. Associated Snowflake domain: GLOBAL"}
{"level":"INFO","message":"[6:13:55.340 PM]: Connection[id: 4878d92a-98d0-4b9f-8a5b-441aad13728b] - authentication successful using: SNOWFLAKE_JWT"}
{"level":"INFO","message":"[6:13:55.342 PM]: Connection[id: 4878d92a-98d0-4b9f-8a5b-441aad13728b] - connected successfully after 6.3171000000002095 milliseconds"}
{"level":"INFO","message":"[6:17:41.805 PM]: Creating new connection object"}
{"level":"INFO","message":"[6:17:41.946 PM]: Creating Connection[id: 83aae904-747e-4614-827e-4cdd70e5b4a4] with host: zi29681.west-europe.azure.snowflakecomputing.com, account: zi29681, accessUrl: https://zi29681.west-europe.azure.snowflakecomputing.com, user: KP_AUTH_SERVICE_SUPTOSR, password is not provided, role: SEC_GD_DA_DATA_ENGINEER_ROLE, database: FLS_DEV_DB_SUPTOSR, schema: STG_MART_CI, warehouse: ADA_DBT_FLSEDW_NPROD_COMPUTE, region: west-europe.azure, authenticator: SNOWFLAKE_JWT, ocsp mode: FAIL_OPEN, os: win32, os version: 10."}
{"level":"INFO","message":"[6:17:41.947 PM]: Connection[id: 83aae904-747e-4614-827e-4cdd70e5b4a4] additional details: passcode in password is provided, passcode is not provided, private key is not provided, application: undefined, client name: snowflake-sdk, client version: 1.15.0, retry timeout: 300, private key path: C:\\\\Users\\\\tomas\\\\Documents\\\\10_Development\\\\Environments\\\\snowflake_keys\\\\snowflake_key, private key pass is provided, client store temporary credential: false, browser response timeout: 120000"}
{"level":"INFO","message":"[6:17:41.948 PM]: Connection[id: 83aae904-747e-4614-827e-4cdd70e5b4a4] - connection object created successfully."}
{"level":"INFO","message":"[6:17:41.950 PM]: Connection[id: 83aae904-747e-4614-827e-4cdd70e5b4a4] - connecting. Associated Snowflake domain: GLOBAL"}
{"level":"INFO","message":"[6:17:41.961 PM]: Connection[id: 83aae904-747e-4614-827e-4cdd70e5b4a4] - authentication successful using: SNOWFLAKE_JWT"}
{"level":"INFO","message":"[6:17:41.962 PM]: Trying to initialize Easy Logging"}
{"level":"INFO","message":"[6:17:41.964 PM]: No client config detected."}
{"level":"INFO","message":"[6:17:41.965 PM]: No config file path found. Client config will not be used."}
{"level":"INFO","message":"[6:17:41.965 PM]: Easy Logging is disabled as no config has been found"}
{"level":"INFO","message":"[6:17:41.970 PM]: Connection[id: 83aae904-747e-4614-827e-4cdd70e5b4a4] - connected successfully after 20.54189999999994 milliseconds"}
{"level":"INFO","message":"[6:20:13.386 PM]: Creating new connection object"}
{"level":"INFO","message":"[6:20:13.556 PM]: Creating Connection[id: 6743301f-0155-42a1-8f1d-2f78414efc14] with host: zi29681.west-europe.azure.snowflakecomputing.com, account: zi29681, accessUrl: https://zi29681.west-europe.azure.snowflakecomputing.com, user: KP_AUTH_SERVICE_SUPTOSR, password is not provided, role: SEC_GD_DA_DATA_ENGINEER_ROLE, database: FLS_DEV_DB_SUPTOSR, schema: STG_MART_CI, warehouse: ADA_DBT_FLSEDW_NPROD_COMPUTE, region: west-europe.azure, authenticator: SNOWFLAKE_JWT, ocsp mode: FAIL_OPEN, os: win32, os version: 10."}
{"level":"INFO","message":"[6:20:13.557 PM]: Connection[id: 6743301f-0155-42a1-8f1d-2f78414efc14] additional details: passcode in password is provided, passcode is not provided, private key is not provided, application: undefined, client name: snowflake-sdk, client version: 1.15.0, retry timeout: 300, private key path: C:\\\\Users\\\\tomas\\\\Documents\\\\10_Development\\\\Environments\\\\snowflake_keys\\\\snowflake_key, private key pass is provided, client store temporary credential: false, browser response timeout: 120000"}
{"level":"INFO","message":"[6:20:13.563 PM]: Connection[id: 6743301f-0155-42a1-8f1d-2f78414efc14] - connection object created successfully."}
{"level":"INFO","message":"[6:20:13.565 PM]: Connection[id: 6743301f-0155-42a1-8f1d-2f78414efc14] - connecting. Associated Snowflake domain: GLOBAL"}
{"level":"INFO","message":"[6:20:13.579 PM]: Connection[id: 6743301f-0155-42a1-8f1d-2f78414efc14] - authentication successful using: SNOWFLAKE_JWT"}
{"level":"INFO","message":"[6:20:13.580 PM]: Trying to initialize Easy Logging"}
{"level":"INFO","message":"[6:20:13.585 PM]: No client config detected."}
{"level":"INFO","message":"[6:20:13.586 PM]: No config file path found. Client config will not be used."}
{"level":"INFO","message":"[6:20:13.587 PM]: Easy Logging is disabled as no config has been found"}
{"level":"INFO","message":"[6:20:13.597 PM]: Connection[id: 6743301f-0155-42a1-8f1d-2f78414efc14] - connected successfully after 32.15149999999994 milliseconds"}
{"level":"INFO","message":"[6:20:41.683 PM]: Creating new connection object"}
{"level":"INFO","message":"[6:20:41.845 PM]: Creating Connection[id: 3042d97c-7ff7-492f-bd9f-f3f354ad8b74] with host: zi29681.west-europe.azure.snowflakecomputing.com, account: zi29681, accessUrl: https://zi29681.west-europe.azure.snowflakecomputing.com, user: KP_AUTH_SERVICE_SUPTOSR, password is not provided, role: SEC_GD_DA_DATA_ENGINEER_ROLE, database: FLS_DEV_DB_SUPTOSR, schema: STG_MART_CI, warehouse: ADA_DBT_FLSEDW_NPROD_COMPUTE, region: west-europe.azure, authenticator: SNOWFLAKE_JWT, ocsp mode: FAIL_OPEN, os: win32, os version: 10."}
{"level":"INFO","message":"[6:20:41.846 PM]: Connection[id: 3042d97c-7ff7-492f-bd9f-f3f354ad8b74] additional details: passcode in password is provided, passcode is not provided, private key is not provided, application: undefined, client name: snowflake-sdk, client version: 1.15.0, retry timeout: 300, private key path: C:\\\\Users\\\\tomas\\\\Documents\\\\10_Development\\\\Environments\\\\snowflake_keys\\\\snowflake_key, private key pass is provided, client store temporary credential: false, browser response timeout: 120000"}
{"level":"INFO","message":"[6:20:41.849 PM]: Connection[id: 3042d97c-7ff7-492f-bd9f-f3f354ad8b74] - connection object created successfully."}
{"level":"INFO","message":"[6:20:41.853 PM]: Connection[id: 3042d97c-7ff7-492f-bd9f-f3f354ad8b74] - connecting. Associated Snowflake domain: GLOBAL"}
{"level":"INFO","message":"[6:20:41.868 PM]: Connection[id: 3042d97c-7ff7-492f-bd9f-f3f354ad8b74] - authentication successful using: SNOWFLAKE_JWT"}
{"level":"INFO","message":"[6:20:41.869 PM]: Trying to initialize Easy Logging"}
{"level":"INFO","message":"[6:20:41.874 PM]: No client config detected."}
{"level":"INFO","message":"[6:20:41.874 PM]: No config file path found. Client config will not be used."}
{"level":"INFO","message":"[6:20:41.876 PM]: Easy Logging is disabled as no config has been found"}
{"level":"INFO","message":"[6:20:41.884 PM]: Connection[id: 3042d97c-7ff7-492f-bd9f-f3f354ad8b74] - connected successfully after 31.412000000000262 milliseconds"}
{"level":"INFO","message":"[6:20:43.560 PM]: Creating new connection object"}
{"level":"INFO","message":"[6:20:43.562 PM]: Creating Connection[id: 593b602e-c4ac-44a0-ae98-89df54c655b0] with host: zi29681.west-europe.azure.snowflakecomputing.com, account: zi29681, accessUrl: https://zi29681.west-europe.azure.snowflakecomputing.com, user: KP_AUTH_SERVICE_SUPTOSR, password is not provided, role: SEC_GD_DA_DATA_ENGINEER_ROLE, database: FLS_DEV_DB_SUPTOSR, schema: STG_MART_CI, warehouse: ADA_DBT_FLSEDW_NPROD_COMPUTE, region: west-europe.azure, authenticator: SNOWFLAKE_JWT, ocsp mode: FAIL_OPEN, os: win32, os version: 10."}
{"level":"INFO","message":"[6:20:43.564 PM]: Connection[id: 593b602e-c4ac-44a0-ae98-89df54c655b0] additional details: passcode in password is provided, passcode is not provided, private key is not provided, application: undefined, client name: snowflake-sdk, client version: 1.15.0, retry timeout: 300, private key path: C:\\\\Users\\\\tomas\\\\Documents\\\\10_Development\\\\Environments\\\\snowflake_keys\\\\snowflake_key, private key pass is provided, client store temporary credential: false, browser response timeout: 120000"}
{"level":"INFO","message":"[6:20:43.569 PM]: Connection[id: 593b602e-c4ac-44a0-ae98-89df54c655b0] - connection object created successfully."}
{"level":"INFO","message":"[6:20:43.571 PM]: Connection[id: 593b602e-c4ac-44a0-ae98-89df54c655b0] - connecting. Associated Snowflake domain: GLOBAL"}
{"level":"INFO","message":"[6:20:43.576 PM]: Connection[id: 593b602e-c4ac-44a0-ae98-89df54c655b0] - authentication successful using: SNOWFLAKE_JWT"}
{"level":"INFO","message":"[6:20:43.577 PM]: Connection[id: 593b602e-c4ac-44a0-ae98-89df54c655b0] - connected successfully after 6.832799999999224 milliseconds"}
